[2023-02-27T23:48:48.076+0000] {taskinstance.py:1083} INFO - Dependencies all met for <TaskInstance: dag_with_postgres_operator_v03.insert_into_table manual__2023-02-27T23:48:43.785624+00:00 [queued]>
[2023-02-27T23:48:48.084+0000] {taskinstance.py:1083} INFO - Dependencies all met for <TaskInstance: dag_with_postgres_operator_v03.insert_into_table manual__2023-02-27T23:48:43.785624+00:00 [queued]>
[2023-02-27T23:48:48.084+0000] {taskinstance.py:1279} INFO - 
--------------------------------------------------------------------------------
[2023-02-27T23:48:48.084+0000] {taskinstance.py:1280} INFO - Starting attempt 1 of 6
[2023-02-27T23:48:48.084+0000] {taskinstance.py:1281} INFO - 
--------------------------------------------------------------------------------
[2023-02-27T23:48:48.097+0000] {taskinstance.py:1300} INFO - Executing <Task(PostgresOperator): insert_into_table> on 2023-02-27 23:48:43.785624+00:00
[2023-02-27T23:48:48.103+0000] {standard_task_runner.py:55} INFO - Started process 3318 to run task
[2023-02-27T23:48:48.105+0000] {standard_task_runner.py:82} INFO - Running: ['***', 'tasks', 'run', 'dag_with_postgres_operator_v03', 'insert_into_table', 'manual__2023-02-27T23:48:43.785624+00:00', '--job-id', '46', '--raw', '--subdir', 'DAGS_FOLDER/dag_with_postgres_operator.py', '--cfg-path', '/tmp/tmp5wygazfg']
[2023-02-27T23:48:48.106+0000] {standard_task_runner.py:83} INFO - Job 46: Subtask insert_into_table
[2023-02-27T23:48:48.160+0000] {task_command.py:388} INFO - Running <TaskInstance: dag_with_postgres_operator_v03.insert_into_table manual__2023-02-27T23:48:43.785624+00:00 [running]> on host 971ca163b440
[2023-02-27T23:48:48.224+0000] {taskinstance.py:1509} INFO - Exporting the following env vars:
AIRFLOW_CTX_DAG_OWNER=temi109
AIRFLOW_CTX_DAG_ID=dag_with_postgres_operator_v03
AIRFLOW_CTX_TASK_ID=insert_into_table
AIRFLOW_CTX_EXECUTION_DATE=2023-02-27T23:48:43.785624+00:00
AIRFLOW_CTX_TRY_NUMBER=1
AIRFLOW_CTX_DAG_RUN_ID=manual__2023-02-27T23:48:43.785624+00:00
[2023-02-27T23:48:48.224+0000] {sql.py:254} INFO - Executing: 
            insert into dag_runs (dt, dag_id) values ('2023-02-27', 'dag_with_postgres_operator_v03')
        
[2023-02-27T23:48:48.232+0000] {base.py:73} INFO - Using connection ID 'postgres_localhost' for task execution.
[2023-02-27T23:48:48.460+0000] {base.py:73} INFO - Using connection ID 'postgres_localhost' for task execution.
[2023-02-27T23:48:48.467+0000] {sql.py:375} INFO - Running statement: 
            insert into dag_runs (dt, dag_id) values ('2023-02-27', 'dag_with_postgres_operator_v03')
        , parameters: None
[2023-02-27T23:48:48.470+0000] {sql.py:384} INFO - Rows affected: 1
[2023-02-27T23:48:48.480+0000] {taskinstance.py:1323} INFO - Marking task as SUCCESS. dag_id=dag_with_postgres_operator_v03, task_id=insert_into_table, execution_date=20230227T234843, start_date=20230227T234848, end_date=20230227T234848
[2023-02-27T23:48:48.519+0000] {local_task_job.py:208} INFO - Task exited with return code 0
[2023-02-27T23:48:48.537+0000] {taskinstance.py:2578} INFO - 0 downstream tasks scheduled from follow-on schedule check
