[2023-03-06T12:11:50.083+0000] {taskinstance.py:1083} INFO - Dependencies all met for <TaskInstance: formula1_upload_to_s3.races_upload manual__2023-03-06T12:11:48.482695+00:00 [queued]>
[2023-03-06T12:11:50.096+0000] {taskinstance.py:1083} INFO - Dependencies all met for <TaskInstance: formula1_upload_to_s3.races_upload manual__2023-03-06T12:11:48.482695+00:00 [queued]>
[2023-03-06T12:11:50.096+0000] {taskinstance.py:1279} INFO - 
--------------------------------------------------------------------------------
[2023-03-06T12:11:50.096+0000] {taskinstance.py:1280} INFO - Starting attempt 1 of 6
[2023-03-06T12:11:50.096+0000] {taskinstance.py:1281} INFO - 
--------------------------------------------------------------------------------
[2023-03-06T12:11:50.116+0000] {taskinstance.py:1300} INFO - Executing <Task(PythonOperator): races_upload> on 2023-03-06 12:11:48.482695+00:00
[2023-03-06T12:11:50.122+0000] {standard_task_runner.py:55} INFO - Started process 124 to run task
[2023-03-06T12:11:50.126+0000] {standard_task_runner.py:82} INFO - Running: ['***', 'tasks', 'run', 'formula1_upload_to_s3', 'races_upload', 'manual__2023-03-06T12:11:48.482695+00:00', '--job-id', '52', '--raw', '--subdir', 'DAGS_FOLDER/s3_upload_dag.py', '--cfg-path', '/tmp/tmpaukauvr3']
[2023-03-06T12:11:50.126+0000] {standard_task_runner.py:83} INFO - Job 52: Subtask races_upload
[2023-03-06T12:11:50.201+0000] {task_command.py:388} INFO - Running <TaskInstance: formula1_upload_to_s3.races_upload manual__2023-03-06T12:11:48.482695+00:00 [running]> on host ce91112b1602
[2023-03-06T12:11:50.280+0000] {taskinstance.py:1509} INFO - Exporting the following env vars:
AIRFLOW_CTX_DAG_OWNER=tem109
AIRFLOW_CTX_DAG_ID=formula1_upload_to_s3
AIRFLOW_CTX_TASK_ID=races_upload
AIRFLOW_CTX_EXECUTION_DATE=2023-03-06T12:11:48.482695+00:00
AIRFLOW_CTX_TRY_NUMBER=1
AIRFLOW_CTX_DAG_RUN_ID=manual__2023-03-06T12:11:48.482695+00:00
[2023-03-06T12:11:50.289+0000] {base.py:73} INFO - Using connection ID 'postgres_localhost' for task execution.
[2023-03-06T12:11:50.328+0000] {s3_upload_dag.py:82} INFO - Saved races data
[2023-03-06T12:11:50.336+0000] {base.py:73} INFO - Using connection ID 's3_conn' for task execution.
[2023-03-06T12:11:50.337+0000] {connection_wrapper.py:334} INFO - AWS Connection (conn_id='s3_conn', conn_type='aws') credentials retrieved from login and password.
[2023-03-06T12:11:51.107+0000] {python.py:177} INFO - Done. Returned value was: None
[2023-03-06T12:11:51.118+0000] {taskinstance.py:1323} INFO - Marking task as SUCCESS. dag_id=formula1_upload_to_s3, task_id=races_upload, execution_date=20230306T121148, start_date=20230306T121150, end_date=20230306T121151
[2023-03-06T12:11:51.140+0000] {local_task_job.py:208} INFO - Task exited with return code 0
[2023-03-06T12:11:51.153+0000] {taskinstance.py:2578} INFO - 0 downstream tasks scheduled from follow-on schedule check
