[2023-03-06T12:12:58.930+0000] {taskinstance.py:1083} INFO - Dependencies all met for <TaskInstance: formula1_upload_to_s3.races_upload scheduled__2023-03-04T00:00:00+00:00 [queued]>
[2023-03-06T12:12:58.938+0000] {taskinstance.py:1083} INFO - Dependencies all met for <TaskInstance: formula1_upload_to_s3.races_upload scheduled__2023-03-04T00:00:00+00:00 [queued]>
[2023-03-06T12:12:58.938+0000] {taskinstance.py:1279} INFO - 
--------------------------------------------------------------------------------
[2023-03-06T12:12:58.938+0000] {taskinstance.py:1280} INFO - Starting attempt 4 of 6
[2023-03-06T12:12:58.938+0000] {taskinstance.py:1281} INFO - 
--------------------------------------------------------------------------------
[2023-03-06T12:12:58.950+0000] {taskinstance.py:1300} INFO - Executing <Task(PythonOperator): races_upload> on 2023-03-04 00:00:00+00:00
[2023-03-06T12:12:59.017+0000] {standard_task_runner.py:55} INFO - Started process 253 to run task
[2023-03-06T12:12:59.019+0000] {standard_task_runner.py:82} INFO - Running: ['***', 'tasks', 'run', 'formula1_upload_to_s3', 'races_upload', 'scheduled__2023-03-04T00:00:00+00:00', '--job-id', '57', '--raw', '--subdir', 'DAGS_FOLDER/s3_upload_dag.py', '--cfg-path', '/tmp/tmpzzqnjaay']
[2023-03-06T12:12:59.019+0000] {standard_task_runner.py:83} INFO - Job 57: Subtask races_upload
[2023-03-06T12:12:59.062+0000] {task_command.py:388} INFO - Running <TaskInstance: formula1_upload_to_s3.races_upload scheduled__2023-03-04T00:00:00+00:00 [running]> on host ce91112b1602
[2023-03-06T12:12:59.123+0000] {taskinstance.py:1509} INFO - Exporting the following env vars:
AIRFLOW_CTX_DAG_OWNER=tem109
AIRFLOW_CTX_DAG_ID=formula1_upload_to_s3
AIRFLOW_CTX_TASK_ID=races_upload
AIRFLOW_CTX_EXECUTION_DATE=2023-03-04T00:00:00+00:00
AIRFLOW_CTX_TRY_NUMBER=4
AIRFLOW_CTX_DAG_RUN_ID=scheduled__2023-03-04T00:00:00+00:00
[2023-03-06T12:12:59.130+0000] {base.py:73} INFO - Using connection ID 'postgres_localhost' for task execution.
[2023-03-06T12:12:59.166+0000] {s3_upload_dag.py:82} INFO - Saved races data
[2023-03-06T12:12:59.172+0000] {base.py:73} INFO - Using connection ID 's3_conn' for task execution.
[2023-03-06T12:12:59.172+0000] {connection_wrapper.py:334} INFO - AWS Connection (conn_id='s3_conn', conn_type='aws') credentials retrieved from login and password.
[2023-03-06T12:12:59.716+0000] {python.py:177} INFO - Done. Returned value was: None
[2023-03-06T12:12:59.725+0000] {taskinstance.py:1323} INFO - Marking task as SUCCESS. dag_id=formula1_upload_to_s3, task_id=races_upload, execution_date=20230304T000000, start_date=20230306T121258, end_date=20230306T121259
[2023-03-06T12:12:59.753+0000] {local_task_job.py:208} INFO - Task exited with return code 0
[2023-03-06T12:12:59.766+0000] {taskinstance.py:2578} INFO - 0 downstream tasks scheduled from follow-on schedule check
