[2023-03-07T19:24:18.280+0000] {taskinstance.py:1083} INFO - Dependencies all met for <TaskInstance: Ingest_to_Snowflake.drop_warehouse manual__2023-03-07T19:24:08.153030+00:00 [queued]>
[2023-03-07T19:24:18.288+0000] {taskinstance.py:1083} INFO - Dependencies all met for <TaskInstance: Ingest_to_Snowflake.drop_warehouse manual__2023-03-07T19:24:08.153030+00:00 [queued]>
[2023-03-07T19:24:18.289+0000] {taskinstance.py:1279} INFO - 
--------------------------------------------------------------------------------
[2023-03-07T19:24:18.289+0000] {taskinstance.py:1280} INFO - Starting attempt 1 of 6
[2023-03-07T19:24:18.289+0000] {taskinstance.py:1281} INFO - 
--------------------------------------------------------------------------------
[2023-03-07T19:24:18.450+0000] {taskinstance.py:1300} INFO - Executing <Task(SnowflakeOperator): drop_warehouse> on 2023-03-07 19:24:08.153030+00:00
[2023-03-07T19:24:18.456+0000] {standard_task_runner.py:55} INFO - Started process 16234 to run task
[2023-03-07T19:24:18.458+0000] {standard_task_runner.py:82} INFO - Running: ['***', 'tasks', 'run', 'Ingest_to_Snowflake', 'drop_warehouse', 'manual__2023-03-07T19:24:08.153030+00:00', '--job-id', '228', '--raw', '--subdir', 'DAGS_FOLDER/copy_into_snowflake.py', '--cfg-path', '/tmp/tmp997khx3y']
[2023-03-07T19:24:18.459+0000] {standard_task_runner.py:83} INFO - Job 228: Subtask drop_warehouse
[2023-03-07T19:24:18.508+0000] {task_command.py:388} INFO - Running <TaskInstance: Ingest_to_Snowflake.drop_warehouse manual__2023-03-07T19:24:08.153030+00:00 [running]> on host d7fd3210ba1e
[2023-03-07T19:24:18.565+0000] {taskinstance.py:1509} INFO - Exporting the following env vars:
AIRFLOW_CTX_DAG_OWNER=***
AIRFLOW_CTX_DAG_ID=Ingest_to_Snowflake
AIRFLOW_CTX_TASK_ID=drop_warehouse
AIRFLOW_CTX_EXECUTION_DATE=2023-03-07T19:24:08.153030+00:00
AIRFLOW_CTX_TRY_NUMBER=1
AIRFLOW_CTX_DAG_RUN_ID=manual__2023-03-07T19:24:08.153030+00:00
[2023-03-07T19:24:18.565+0000] {sql.py:254} INFO - Executing: ['\n    DROP WAREHOUSE my_wh;']
[2023-03-07T19:24:18.572+0000] {base.py:73} INFO - Using connection ID 'snowflake_conn' for task execution.
[2023-03-07T19:24:18.751+0000] {base.py:73} INFO - Using connection ID 'snowflake_conn' for task execution.
[2023-03-07T19:24:18.752+0000] {connection.py:287} INFO - Snowflake Connector for Python Version: 3.0.1, Python Version: 3.7.16, Platform: Linux-5.15.79.1-microsoft-standard-WSL2-x86_64-with-debian-11.6
[2023-03-07T19:24:18.753+0000] {connection.py:990} INFO - This connection is in OCSP Fail Open Mode. TLS Certificates would be checked for validity and revocation status. Any other Certificate Revocation related exceptions or OCSP Responder failures would be disregarded in favor of connectivity.
[2023-03-07T19:24:18.753+0000] {connection.py:1007} INFO - Setting use_openssl_only mode to False
[2023-03-07T19:24:19.219+0000] {cursor.py:738} INFO - query: [ALTER SESSION SET autocommit=False]
[2023-03-07T19:24:19.299+0000] {cursor.py:751} INFO - query execution done
[2023-03-07T19:24:19.299+0000] {cursor.py:891} INFO - Number of results in first chunk: 1
[2023-03-07T19:24:19.299+0000] {sql.py:375} INFO - Running statement: 
    DROP WAREHOUSE my_wh;, parameters: None
[2023-03-07T19:24:19.300+0000] {cursor.py:738} INFO - query: [DROP WAREHOUSE my_wh;]
[2023-03-07T19:24:19.754+0000] {cursor.py:751} INFO - query execution done
[2023-03-07T19:24:19.754+0000] {cursor.py:891} INFO - Number of results in first chunk: 1
[2023-03-07T19:24:19.754+0000] {sql.py:384} INFO - Rows affected: 1
[2023-03-07T19:24:19.755+0000] {snowflake.py:391} INFO - Rows affected: 1
[2023-03-07T19:24:19.755+0000] {snowflake.py:392} INFO - Snowflake query id: 01aacaec-0000-0ab4-0000-1e09000143b6
[2023-03-07T19:24:19.755+0000] {cursor.py:738} INFO - query: [COMMIT]
[2023-03-07T19:24:19.812+0000] {cursor.py:751} INFO - query execution done
[2023-03-07T19:24:19.812+0000] {cursor.py:891} INFO - Number of results in first chunk: 1
[2023-03-07T19:24:19.812+0000] {connection.py:586} INFO - closed
[2023-03-07T19:24:19.837+0000] {connection.py:589} INFO - No async queries seem to be running, deleting session
[2023-03-07T19:24:19.939+0000] {taskinstance.py:1323} INFO - Marking task as SUCCESS. dag_id=Ingest_to_Snowflake, task_id=drop_warehouse, execution_date=20230307T192408, start_date=20230307T192418, end_date=20230307T192419
[2023-03-07T19:24:19.993+0000] {local_task_job.py:208} INFO - Task exited with return code 0
[2023-03-07T19:24:20.008+0000] {taskinstance.py:2578} INFO - 0 downstream tasks scheduled from follow-on schedule check
