[2023-03-07T18:40:52.024+0000] {taskinstance.py:1083} INFO - Dependencies all met for <TaskInstance: formula1_upload_to_s3.results_upload manual__2023-03-07T18:40:50.614348+00:00 [queued]>
[2023-03-07T18:40:52.038+0000] {taskinstance.py:1083} INFO - Dependencies all met for <TaskInstance: formula1_upload_to_s3.results_upload manual__2023-03-07T18:40:50.614348+00:00 [queued]>
[2023-03-07T18:40:52.039+0000] {taskinstance.py:1279} INFO - 
--------------------------------------------------------------------------------
[2023-03-07T18:40:52.039+0000] {taskinstance.py:1280} INFO - Starting attempt 1 of 6
[2023-03-07T18:40:52.039+0000] {taskinstance.py:1281} INFO - 
--------------------------------------------------------------------------------
[2023-03-07T18:40:52.055+0000] {taskinstance.py:1300} INFO - Executing <Task(PythonOperator): results_upload> on 2023-03-07 18:40:50.614348+00:00
[2023-03-07T18:40:52.061+0000] {standard_task_runner.py:55} INFO - Started process 11350 to run task
[2023-03-07T18:40:52.064+0000] {standard_task_runner.py:82} INFO - Running: ['***', 'tasks', 'run', 'formula1_upload_to_s3', 'results_upload', 'manual__2023-03-07T18:40:50.614348+00:00', '--job-id', '163', '--raw', '--subdir', 'DAGS_FOLDER/s3_upload_dag.py', '--cfg-path', '/tmp/tmp08tqcc60']
[2023-03-07T18:40:52.065+0000] {standard_task_runner.py:83} INFO - Job 163: Subtask results_upload
[2023-03-07T18:40:52.136+0000] {task_command.py:388} INFO - Running <TaskInstance: formula1_upload_to_s3.results_upload manual__2023-03-07T18:40:50.614348+00:00 [running]> on host d7fd3210ba1e
[2023-03-07T18:40:52.249+0000] {taskinstance.py:1509} INFO - Exporting the following env vars:
AIRFLOW_CTX_DAG_OWNER=tem109
AIRFLOW_CTX_DAG_ID=formula1_upload_to_s3
AIRFLOW_CTX_TASK_ID=results_upload
AIRFLOW_CTX_EXECUTION_DATE=2023-03-07T18:40:50.614348+00:00
AIRFLOW_CTX_TRY_NUMBER=1
AIRFLOW_CTX_DAG_RUN_ID=manual__2023-03-07T18:40:50.614348+00:00
[2023-03-07T18:40:52.261+0000] {base.py:73} INFO - Using connection ID 'postgres_localhost' for task execution.
[2023-03-07T18:40:52.707+0000] {s3_upload_dag.py:105} INFO - Saved results data
[2023-03-07T18:40:52.714+0000] {base.py:73} INFO - Using connection ID 's3_conn' for task execution.
[2023-03-07T18:40:52.715+0000] {connection_wrapper.py:334} INFO - AWS Connection (conn_id='s3_conn', conn_type='aws') credentials retrieved from login and password.
[2023-03-07T18:40:53.677+0000] {python.py:177} INFO - Done. Returned value was: None
[2023-03-07T18:40:53.685+0000] {taskinstance.py:1323} INFO - Marking task as SUCCESS. dag_id=formula1_upload_to_s3, task_id=results_upload, execution_date=20230307T184050, start_date=20230307T184052, end_date=20230307T184053
[2023-03-07T18:40:53.722+0000] {local_task_job.py:208} INFO - Task exited with return code 0
[2023-03-07T18:40:53.737+0000] {taskinstance.py:2578} INFO - 0 downstream tasks scheduled from follow-on schedule check
