[2023-03-07T18:29:16.548+0000] {taskinstance.py:1083} INFO - Dependencies all met for <TaskInstance: Ingest_to_Snowflake.copy_into_constructors_table manual__2023-03-07T18:19:00.051268+00:00 [queued]>
[2023-03-07T18:29:16.557+0000] {taskinstance.py:1083} INFO - Dependencies all met for <TaskInstance: Ingest_to_Snowflake.copy_into_constructors_table manual__2023-03-07T18:19:00.051268+00:00 [queued]>
[2023-03-07T18:29:16.557+0000] {taskinstance.py:1279} INFO - 
--------------------------------------------------------------------------------
[2023-03-07T18:29:16.557+0000] {taskinstance.py:1280} INFO - Starting attempt 3 of 6
[2023-03-07T18:29:16.557+0000] {taskinstance.py:1281} INFO - 
--------------------------------------------------------------------------------
[2023-03-07T18:29:16.672+0000] {taskinstance.py:1300} INFO - Executing <Task(S3ToSnowflakeOperator): copy_into_constructors_table> on 2023-03-07 18:19:00.051268+00:00
[2023-03-07T18:29:16.678+0000] {standard_task_runner.py:55} INFO - Started process 10037 to run task
[2023-03-07T18:29:16.680+0000] {standard_task_runner.py:82} INFO - Running: ['***', 'tasks', 'run', 'Ingest_to_Snowflake', 'copy_into_constructors_table', 'manual__2023-03-07T18:19:00.051268+00:00', '--job-id', '140', '--raw', '--subdir', 'DAGS_FOLDER/copy_into_snowflake.py', '--cfg-path', '/tmp/tmpeg01bqjg']
[2023-03-07T18:29:16.681+0000] {standard_task_runner.py:83} INFO - Job 140: Subtask copy_into_constructors_table
[2023-03-07T18:29:16.721+0000] {task_command.py:388} INFO - Running <TaskInstance: Ingest_to_Snowflake.copy_into_constructors_table manual__2023-03-07T18:19:00.051268+00:00 [running]> on host d7fd3210ba1e
[2023-03-07T18:29:16.770+0000] {taskinstance.py:1509} INFO - Exporting the following env vars:
AIRFLOW_CTX_DAG_OWNER=***
AIRFLOW_CTX_DAG_ID=Ingest_to_Snowflake
AIRFLOW_CTX_TASK_ID=copy_into_constructors_table
AIRFLOW_CTX_EXECUTION_DATE=2023-03-07T18:19:00.051268+00:00
AIRFLOW_CTX_TRY_NUMBER=3
AIRFLOW_CTX_DAG_RUN_ID=manual__2023-03-07T18:19:00.051268+00:00
[2023-03-07T18:29:16.771+0000] {s3_to_snowflake.py:146} INFO - Executing COPY command...
[2023-03-07T18:29:16.778+0000] {base.py:73} INFO - Using connection ID 'snowflake_conn' for task execution.
[2023-03-07T18:29:16.779+0000] {connection.py:287} INFO - Snowflake Connector for Python Version: 3.0.1, Python Version: 3.7.16, Platform: Linux-5.15.79.1-microsoft-standard-WSL2-x86_64-with-debian-11.6
[2023-03-07T18:29:16.780+0000] {connection.py:990} INFO - This connection is in OCSP Fail Open Mode. TLS Certificates would be checked for validity and revocation status. Any other Certificate Revocation related exceptions or OCSP Responder failures would be disregarded in favor of connectivity.
[2023-03-07T18:29:16.780+0000] {connection.py:1007} INFO - Setting use_openssl_only mode to False
[2023-03-07T18:29:17.178+0000] {cursor.py:738} INFO - query: [ALTER SESSION SET autocommit=True]
[2023-03-07T18:29:17.242+0000] {cursor.py:751} INFO - query execution done
[2023-03-07T18:29:17.243+0000] {cursor.py:891} INFO - Number of results in first chunk: 1
[2023-03-07T18:29:17.243+0000] {sql.py:375} INFO - Running statement: COPY INTO PUBLIC.constructors
FROM @formula_1_stage/
files=('constructors.csv')
file_format=generic_csv, parameters: None
[2023-03-07T18:29:17.243+0000] {cursor.py:738} INFO - query: [COPY INTO PUBLIC.constructors FROM @formula_1_stage/ files=('constructors.csv') ...]
[2023-03-07T18:29:17.658+0000] {cursor.py:751} INFO - query execution done
[2023-03-07T18:29:17.659+0000] {cursor.py:891} INFO - Number of results in first chunk: 1
[2023-03-07T18:29:17.659+0000] {sql.py:384} INFO - Rows affected: 1
[2023-03-07T18:29:17.659+0000] {snowflake.py:391} INFO - Rows affected: 1
[2023-03-07T18:29:17.659+0000] {snowflake.py:392} INFO - Snowflake query id: 01aacab5-0000-0ab4-0000-1e09000141a2
[2023-03-07T18:29:17.659+0000] {connection.py:586} INFO - closed
[2023-03-07T18:29:17.679+0000] {connection.py:589} INFO - No async queries seem to be running, deleting session
[2023-03-07T18:29:17.728+0000] {s3_to_snowflake.py:148} INFO - COPY command completed
[2023-03-07T18:29:17.736+0000] {taskinstance.py:1323} INFO - Marking task as SUCCESS. dag_id=Ingest_to_Snowflake, task_id=copy_into_constructors_table, execution_date=20230307T181900, start_date=20230307T182916, end_date=20230307T182917
[2023-03-07T18:29:17.774+0000] {local_task_job.py:208} INFO - Task exited with return code 0
[2023-03-07T18:29:17.793+0000] {taskinstance.py:2578} INFO - 0 downstream tasks scheduled from follow-on schedule check
