[2023-03-06T12:02:54.670+0000] {taskinstance.py:1083} INFO - Dependencies all met for <TaskInstance: formula1_upload_to_s3.constructors_upload scheduled__2023-03-05T00:00:00+00:00 [queued]>
[2023-03-06T12:02:54.681+0000] {taskinstance.py:1083} INFO - Dependencies all met for <TaskInstance: formula1_upload_to_s3.constructors_upload scheduled__2023-03-05T00:00:00+00:00 [queued]>
[2023-03-06T12:02:54.681+0000] {taskinstance.py:1279} INFO - 
--------------------------------------------------------------------------------
[2023-03-06T12:02:54.681+0000] {taskinstance.py:1280} INFO - Starting attempt 1 of 6
[2023-03-06T12:02:54.681+0000] {taskinstance.py:1281} INFO - 
--------------------------------------------------------------------------------
[2023-03-06T12:02:54.726+0000] {taskinstance.py:1300} INFO - Executing <Task(PythonOperator): constructors_upload> on 2023-03-05 00:00:00+00:00
[2023-03-06T12:02:54.732+0000] {standard_task_runner.py:55} INFO - Started process 782 to run task
[2023-03-06T12:02:54.736+0000] {standard_task_runner.py:82} INFO - Running: ['***', 'tasks', 'run', 'formula1_upload_to_s3', 'constructors_upload', 'scheduled__2023-03-05T00:00:00+00:00', '--job-id', '34', '--raw', '--subdir', 'DAGS_FOLDER/s3_upload_dag.py', '--cfg-path', '/tmp/tmpk6kzzvld']
[2023-03-06T12:02:54.737+0000] {standard_task_runner.py:83} INFO - Job 34: Subtask constructors_upload
[2023-03-06T12:02:54.823+0000] {task_command.py:388} INFO - Running <TaskInstance: formula1_upload_to_s3.constructors_upload scheduled__2023-03-05T00:00:00+00:00 [running]> on host 2354ed11717b
[2023-03-06T12:02:54.936+0000] {taskinstance.py:1509} INFO - Exporting the following env vars:
AIRFLOW_CTX_DAG_OWNER=tem109
AIRFLOW_CTX_DAG_ID=formula1_upload_to_s3
AIRFLOW_CTX_TASK_ID=constructors_upload
AIRFLOW_CTX_EXECUTION_DATE=2023-03-05T00:00:00+00:00
AIRFLOW_CTX_TRY_NUMBER=1
AIRFLOW_CTX_DAG_RUN_ID=scheduled__2023-03-05T00:00:00+00:00
[2023-03-06T12:02:54.956+0000] {base.py:73} INFO - Using connection ID 'postgres_localhost' for task execution.
[2023-03-06T12:02:54.996+0000] {s3_upload_dag.py:59} INFO - Saved constructors data
[2023-03-06T12:02:55.016+0000] {base.py:73} INFO - Using connection ID 's3_conn' for task execution.
[2023-03-06T12:02:55.018+0000] {connection_wrapper.py:334} INFO - AWS Connection (conn_id='s3_conn', conn_type='aws') credentials retrieved from login and password.
[2023-03-06T12:02:56.714+0000] {python.py:177} INFO - Done. Returned value was: None
[2023-03-06T12:02:56.724+0000] {taskinstance.py:1323} INFO - Marking task as SUCCESS. dag_id=formula1_upload_to_s3, task_id=constructors_upload, execution_date=20230305T000000, start_date=20230306T120254, end_date=20230306T120256
[2023-03-06T12:02:56.758+0000] {local_task_job.py:208} INFO - Task exited with return code 0
[2023-03-06T12:02:56.787+0000] {taskinstance.py:2578} INFO - 0 downstream tasks scheduled from follow-on schedule check
