[2023-02-27T23:24:25.807+0000] {taskinstance.py:1083} INFO - Dependencies all met for <TaskInstance: dag_with_postgres_operator_v03.create_postgres_table scheduled__2021-12-26T00:00:00+00:00 [queued]>
[2023-02-27T23:24:25.815+0000] {taskinstance.py:1083} INFO - Dependencies all met for <TaskInstance: dag_with_postgres_operator_v03.create_postgres_table scheduled__2021-12-26T00:00:00+00:00 [queued]>
[2023-02-27T23:24:25.815+0000] {taskinstance.py:1279} INFO - 
--------------------------------------------------------------------------------
[2023-02-27T23:24:25.815+0000] {taskinstance.py:1280} INFO - Starting attempt 1 of 6
[2023-02-27T23:24:25.815+0000] {taskinstance.py:1281} INFO - 
--------------------------------------------------------------------------------
[2023-02-27T23:24:25.829+0000] {taskinstance.py:1300} INFO - Executing <Task(PostgresOperator): create_postgres_table> on 2021-12-26 00:00:00+00:00
[2023-02-27T23:24:25.833+0000] {standard_task_runner.py:55} INFO - Started process 739 to run task
[2023-02-27T23:24:25.835+0000] {standard_task_runner.py:82} INFO - Running: ['***', 'tasks', 'run', 'dag_with_postgres_operator_v03', 'create_postgres_table', 'scheduled__2021-12-26T00:00:00+00:00', '--job-id', '12', '--raw', '--subdir', 'DAGS_FOLDER/dag_with_postgres_operator.py', '--cfg-path', '/tmp/tmpjtrzd2fw']
[2023-02-27T23:24:25.836+0000] {standard_task_runner.py:83} INFO - Job 12: Subtask create_postgres_table
[2023-02-27T23:24:25.881+0000] {task_command.py:388} INFO - Running <TaskInstance: dag_with_postgres_operator_v03.create_postgres_table scheduled__2021-12-26T00:00:00+00:00 [running]> on host 971ca163b440
[2023-02-27T23:24:25.933+0000] {taskinstance.py:1509} INFO - Exporting the following env vars:
AIRFLOW_CTX_DAG_OWNER=temi109
AIRFLOW_CTX_DAG_ID=dag_with_postgres_operator_v03
AIRFLOW_CTX_TASK_ID=create_postgres_table
AIRFLOW_CTX_EXECUTION_DATE=2021-12-26T00:00:00+00:00
AIRFLOW_CTX_TRY_NUMBER=1
AIRFLOW_CTX_DAG_RUN_ID=scheduled__2021-12-26T00:00:00+00:00
[2023-02-27T23:24:25.933+0000] {sql.py:254} INFO - Executing: 
            create table if not exists dag_runs (
                dt date,
                dag_id character varying,
                primary key (dt, dag_id)
            )
        
[2023-02-27T23:24:25.946+0000] {taskinstance.py:1768} ERROR - Task failed with exception
Traceback (most recent call last):
  File "/home/airflow/.local/lib/python3.7/site-packages/airflow/providers/common/sql/operators/sql.py", line 255, in execute
    hook = self.get_db_hook()
  File "/home/airflow/.local/lib/python3.7/site-packages/airflow/providers/common/sql/operators/sql.py", line 179, in get_db_hook
    return self._hook
  File "/home/airflow/.local/lib/python3.7/site-packages/cached_property.py", line 36, in __get__
    value = obj.__dict__[self.func.__name__] = self.func(obj)
  File "/home/airflow/.local/lib/python3.7/site-packages/airflow/providers/common/sql/operators/sql.py", line 141, in _hook
    conn = BaseHook.get_connection(self.conn_id)
  File "/home/airflow/.local/lib/python3.7/site-packages/airflow/hooks/base.py", line 72, in get_connection
    conn = Connection.get_connection_from_secrets(conn_id)
  File "/home/airflow/.local/lib/python3.7/site-packages/airflow/models/connection.py", line 435, in get_connection_from_secrets
    raise AirflowNotFoundException(f"The conn_id `{conn_id}` isn't defined")
airflow.exceptions.AirflowNotFoundException: The conn_id `postgres_localhost` isn't defined
[2023-02-27T23:24:25.949+0000] {taskinstance.py:1323} INFO - Marking task as UP_FOR_RETRY. dag_id=dag_with_postgres_operator_v03, task_id=create_postgres_table, execution_date=20211226T000000, start_date=20230227T232425, end_date=20230227T232425
[2023-02-27T23:24:25.958+0000] {standard_task_runner.py:105} ERROR - Failed to execute job 12 for task create_postgres_table (The conn_id `postgres_localhost` isn't defined; 739)
[2023-02-27T23:24:25.967+0000] {local_task_job.py:208} INFO - Task exited with return code 1
[2023-02-27T23:24:26.065+0000] {taskinstance.py:2578} INFO - 0 downstream tasks scheduled from follow-on schedule check
