[2023-02-27T23:23:04.210+0000] {processor.py:153} INFO - Started process (PID=542) to work on /opt/airflow/dags/dag_with_postgres_operator.py
[2023-02-27T23:23:04.210+0000] {processor.py:743} INFO - Processing file /opt/airflow/dags/dag_with_postgres_operator.py for tasks to queue
[2023-02-27T23:23:04.210+0000] {logging_mixin.py:137} INFO - [2023-02-27T23:23:04.210+0000] {dagbag.py:538} INFO - Filling up the DagBag from /opt/airflow/dags/dag_with_postgres_operator.py
[2023-02-27T23:23:04.272+0000] {processor.py:753} INFO - DAG(s) dict_keys(['dag_with_postgres_operator_v03']) retrieved from /opt/airflow/dags/dag_with_postgres_operator.py
[2023-02-27T23:23:04.400+0000] {logging_mixin.py:137} INFO - [2023-02-27T23:23:04.400+0000] {manager.py:504} INFO - Created Permission View: can delete on DAG:dag_with_postgres_operator_v03
[2023-02-27T23:23:04.407+0000] {logging_mixin.py:137} INFO - [2023-02-27T23:23:04.407+0000] {manager.py:504} INFO - Created Permission View: can read on DAG:dag_with_postgres_operator_v03
[2023-02-27T23:23:04.413+0000] {logging_mixin.py:137} INFO - [2023-02-27T23:23:04.413+0000] {manager.py:504} INFO - Created Permission View: can edit on DAG:dag_with_postgres_operator_v03
[2023-02-27T23:23:04.413+0000] {logging_mixin.py:137} INFO - [2023-02-27T23:23:04.413+0000] {dag.py:2690} INFO - Sync 1 DAGs
[2023-02-27T23:23:04.423+0000] {logging_mixin.py:137} INFO - [2023-02-27T23:23:04.423+0000] {dag.py:2711} INFO - Creating ORM DAG for dag_with_postgres_operator_v03
[2023-02-27T23:23:04.432+0000] {logging_mixin.py:137} INFO - [2023-02-27T23:23:04.432+0000] {dag.py:3441} INFO - Setting next_dagrun for dag_with_postgres_operator_v03 to 2021-12-19T00:00:00+00:00, run_after=2021-12-20T00:00:00+00:00
[2023-02-27T23:23:04.444+0000] {processor.py:175} INFO - Processing /opt/airflow/dags/dag_with_postgres_operator.py took 0.236 seconds
[2023-02-27T23:23:34.549+0000] {processor.py:153} INFO - Started process (PID=603) to work on /opt/airflow/dags/dag_with_postgres_operator.py
[2023-02-27T23:23:34.550+0000] {processor.py:743} INFO - Processing file /opt/airflow/dags/dag_with_postgres_operator.py for tasks to queue
[2023-02-27T23:23:34.550+0000] {logging_mixin.py:137} INFO - [2023-02-27T23:23:34.550+0000] {dagbag.py:538} INFO - Filling up the DagBag from /opt/airflow/dags/dag_with_postgres_operator.py
[2023-02-27T23:23:34.578+0000] {processor.py:753} INFO - DAG(s) dict_keys(['dag_with_postgres_operator_v03']) retrieved from /opt/airflow/dags/dag_with_postgres_operator.py
[2023-02-27T23:23:34.599+0000] {logging_mixin.py:137} INFO - [2023-02-27T23:23:34.599+0000] {dag.py:2690} INFO - Sync 1 DAGs
[2023-02-27T23:23:34.624+0000] {logging_mixin.py:137} INFO - [2023-02-27T23:23:34.624+0000] {dag.py:3441} INFO - Setting next_dagrun for dag_with_postgres_operator_v03 to 2021-12-19T00:00:00+00:00, run_after=2021-12-20T00:00:00+00:00
[2023-02-27T23:23:34.642+0000] {processor.py:175} INFO - Processing /opt/airflow/dags/dag_with_postgres_operator.py took 0.095 seconds
[2023-02-27T23:24:04.658+0000] {processor.py:153} INFO - Started process (PID=644) to work on /opt/airflow/dags/dag_with_postgres_operator.py
[2023-02-27T23:24:04.659+0000] {processor.py:743} INFO - Processing file /opt/airflow/dags/dag_with_postgres_operator.py for tasks to queue
[2023-02-27T23:24:04.659+0000] {logging_mixin.py:137} INFO - [2023-02-27T23:24:04.659+0000] {dagbag.py:538} INFO - Filling up the DagBag from /opt/airflow/dags/dag_with_postgres_operator.py
[2023-02-27T23:24:04.681+0000] {processor.py:753} INFO - DAG(s) dict_keys(['dag_with_postgres_operator_v03']) retrieved from /opt/airflow/dags/dag_with_postgres_operator.py
[2023-02-27T23:24:04.698+0000] {logging_mixin.py:137} INFO - [2023-02-27T23:24:04.698+0000] {dag.py:2690} INFO - Sync 1 DAGs
[2023-02-27T23:24:04.715+0000] {logging_mixin.py:137} INFO - [2023-02-27T23:24:04.715+0000] {dag.py:3441} INFO - Setting next_dagrun for dag_with_postgres_operator_v03 to 2021-12-19T00:00:00+00:00, run_after=2021-12-20T00:00:00+00:00
[2023-02-27T23:24:04.728+0000] {processor.py:175} INFO - Processing /opt/airflow/dags/dag_with_postgres_operator.py took 0.072 seconds
[2023-02-27T23:24:34.780+0000] {processor.py:153} INFO - Started process (PID=705) to work on /opt/airflow/dags/dag_with_postgres_operator.py
[2023-02-27T23:24:34.781+0000] {processor.py:743} INFO - Processing file /opt/airflow/dags/dag_with_postgres_operator.py for tasks to queue
[2023-02-27T23:24:34.781+0000] {logging_mixin.py:137} INFO - [2023-02-27T23:24:34.781+0000] {dagbag.py:538} INFO - Filling up the DagBag from /opt/airflow/dags/dag_with_postgres_operator.py
[2023-02-27T23:24:34.818+0000] {processor.py:753} INFO - DAG(s) dict_keys(['dag_with_postgres_operator_v03']) retrieved from /opt/airflow/dags/dag_with_postgres_operator.py
[2023-02-27T23:24:34.841+0000] {logging_mixin.py:137} INFO - [2023-02-27T23:24:34.841+0000] {dag.py:2690} INFO - Sync 1 DAGs
[2023-02-27T23:24:34.881+0000] {processor.py:175} INFO - Processing /opt/airflow/dags/dag_with_postgres_operator.py took 0.104 seconds
[2023-02-27T23:25:04.926+0000] {processor.py:153} INFO - Started process (PID=746) to work on /opt/airflow/dags/dag_with_postgres_operator.py
[2023-02-27T23:25:04.927+0000] {processor.py:743} INFO - Processing file /opt/airflow/dags/dag_with_postgres_operator.py for tasks to queue
[2023-02-27T23:25:04.927+0000] {logging_mixin.py:137} INFO - [2023-02-27T23:25:04.927+0000] {dagbag.py:538} INFO - Filling up the DagBag from /opt/airflow/dags/dag_with_postgres_operator.py
[2023-02-27T23:25:04.951+0000] {processor.py:753} INFO - DAG(s) dict_keys(['dag_with_postgres_operator_v03']) retrieved from /opt/airflow/dags/dag_with_postgres_operator.py
[2023-02-27T23:25:04.968+0000] {logging_mixin.py:137} INFO - [2023-02-27T23:25:04.968+0000] {dag.py:2690} INFO - Sync 1 DAGs
[2023-02-27T23:25:04.998+0000] {processor.py:175} INFO - Processing /opt/airflow/dags/dag_with_postgres_operator.py took 0.073 seconds
[2023-02-27T23:25:35.077+0000] {processor.py:153} INFO - Started process (PID=807) to work on /opt/airflow/dags/dag_with_postgres_operator.py
[2023-02-27T23:25:35.078+0000] {processor.py:743} INFO - Processing file /opt/airflow/dags/dag_with_postgres_operator.py for tasks to queue
[2023-02-27T23:25:35.078+0000] {logging_mixin.py:137} INFO - [2023-02-27T23:25:35.078+0000] {dagbag.py:538} INFO - Filling up the DagBag from /opt/airflow/dags/dag_with_postgres_operator.py
[2023-02-27T23:25:35.102+0000] {processor.py:753} INFO - DAG(s) dict_keys(['dag_with_postgres_operator_v03']) retrieved from /opt/airflow/dags/dag_with_postgres_operator.py
[2023-02-27T23:25:35.118+0000] {logging_mixin.py:137} INFO - [2023-02-27T23:25:35.118+0000] {dag.py:2690} INFO - Sync 1 DAGs
[2023-02-27T23:25:35.150+0000] {processor.py:175} INFO - Processing /opt/airflow/dags/dag_with_postgres_operator.py took 0.075 seconds
[2023-02-27T23:26:05.187+0000] {processor.py:153} INFO - Started process (PID=848) to work on /opt/airflow/dags/dag_with_postgres_operator.py
[2023-02-27T23:26:05.187+0000] {processor.py:743} INFO - Processing file /opt/airflow/dags/dag_with_postgres_operator.py for tasks to queue
[2023-02-27T23:26:05.188+0000] {logging_mixin.py:137} INFO - [2023-02-27T23:26:05.187+0000] {dagbag.py:538} INFO - Filling up the DagBag from /opt/airflow/dags/dag_with_postgres_operator.py
[2023-02-27T23:26:05.212+0000] {processor.py:753} INFO - DAG(s) dict_keys(['dag_with_postgres_operator_v03']) retrieved from /opt/airflow/dags/dag_with_postgres_operator.py
[2023-02-27T23:26:05.228+0000] {logging_mixin.py:137} INFO - [2023-02-27T23:26:05.228+0000] {dag.py:2690} INFO - Sync 1 DAGs
[2023-02-27T23:26:05.259+0000] {processor.py:175} INFO - Processing /opt/airflow/dags/dag_with_postgres_operator.py took 0.074 seconds
[2023-02-27T23:26:35.347+0000] {processor.py:153} INFO - Started process (PID=909) to work on /opt/airflow/dags/dag_with_postgres_operator.py
[2023-02-27T23:26:35.348+0000] {processor.py:743} INFO - Processing file /opt/airflow/dags/dag_with_postgres_operator.py for tasks to queue
[2023-02-27T23:26:35.348+0000] {logging_mixin.py:137} INFO - [2023-02-27T23:26:35.348+0000] {dagbag.py:538} INFO - Filling up the DagBag from /opt/airflow/dags/dag_with_postgres_operator.py
[2023-02-27T23:26:35.376+0000] {processor.py:753} INFO - DAG(s) dict_keys(['dag_with_postgres_operator_v03']) retrieved from /opt/airflow/dags/dag_with_postgres_operator.py
[2023-02-27T23:26:35.394+0000] {logging_mixin.py:137} INFO - [2023-02-27T23:26:35.394+0000] {dag.py:2690} INFO - Sync 1 DAGs
[2023-02-27T23:26:35.427+0000] {processor.py:175} INFO - Processing /opt/airflow/dags/dag_with_postgres_operator.py took 0.082 seconds
[2023-02-27T23:27:05.484+0000] {processor.py:153} INFO - Started process (PID=950) to work on /opt/airflow/dags/dag_with_postgres_operator.py
[2023-02-27T23:27:05.485+0000] {processor.py:743} INFO - Processing file /opt/airflow/dags/dag_with_postgres_operator.py for tasks to queue
[2023-02-27T23:27:05.485+0000] {logging_mixin.py:137} INFO - [2023-02-27T23:27:05.485+0000] {dagbag.py:538} INFO - Filling up the DagBag from /opt/airflow/dags/dag_with_postgres_operator.py
[2023-02-27T23:27:05.513+0000] {processor.py:753} INFO - DAG(s) dict_keys(['dag_with_postgres_operator_v03']) retrieved from /opt/airflow/dags/dag_with_postgres_operator.py
[2023-02-27T23:27:05.531+0000] {logging_mixin.py:137} INFO - [2023-02-27T23:27:05.531+0000] {dag.py:2690} INFO - Sync 1 DAGs
[2023-02-27T23:27:05.568+0000] {processor.py:175} INFO - Processing /opt/airflow/dags/dag_with_postgres_operator.py took 0.085 seconds
[2023-02-27T23:27:35.629+0000] {processor.py:153} INFO - Started process (PID=1011) to work on /opt/airflow/dags/dag_with_postgres_operator.py
[2023-02-27T23:27:35.629+0000] {processor.py:743} INFO - Processing file /opt/airflow/dags/dag_with_postgres_operator.py for tasks to queue
[2023-02-27T23:27:35.629+0000] {logging_mixin.py:137} INFO - [2023-02-27T23:27:35.629+0000] {dagbag.py:538} INFO - Filling up the DagBag from /opt/airflow/dags/dag_with_postgres_operator.py
[2023-02-27T23:27:35.652+0000] {processor.py:753} INFO - DAG(s) dict_keys(['dag_with_postgres_operator_v03']) retrieved from /opt/airflow/dags/dag_with_postgres_operator.py
[2023-02-27T23:27:35.670+0000] {logging_mixin.py:137} INFO - [2023-02-27T23:27:35.670+0000] {dag.py:2690} INFO - Sync 1 DAGs
[2023-02-27T23:27:35.701+0000] {processor.py:175} INFO - Processing /opt/airflow/dags/dag_with_postgres_operator.py took 0.074 seconds
[2023-02-27T23:28:05.768+0000] {processor.py:153} INFO - Started process (PID=1061) to work on /opt/airflow/dags/dag_with_postgres_operator.py
[2023-02-27T23:28:05.768+0000] {processor.py:743} INFO - Processing file /opt/airflow/dags/dag_with_postgres_operator.py for tasks to queue
[2023-02-27T23:28:05.769+0000] {logging_mixin.py:137} INFO - [2023-02-27T23:28:05.769+0000] {dagbag.py:538} INFO - Filling up the DagBag from /opt/airflow/dags/dag_with_postgres_operator.py
[2023-02-27T23:28:05.794+0000] {processor.py:753} INFO - DAG(s) dict_keys(['dag_with_postgres_operator_v03']) retrieved from /opt/airflow/dags/dag_with_postgres_operator.py
[2023-02-27T23:28:05.809+0000] {logging_mixin.py:137} INFO - [2023-02-27T23:28:05.809+0000] {dag.py:2690} INFO - Sync 1 DAGs
[2023-02-27T23:28:05.839+0000] {processor.py:175} INFO - Processing /opt/airflow/dags/dag_with_postgres_operator.py took 0.073 seconds
[2023-02-27T23:28:35.955+0000] {processor.py:153} INFO - Started process (PID=1113) to work on /opt/airflow/dags/dag_with_postgres_operator.py
[2023-02-27T23:28:35.955+0000] {processor.py:743} INFO - Processing file /opt/airflow/dags/dag_with_postgres_operator.py for tasks to queue
[2023-02-27T23:28:35.955+0000] {logging_mixin.py:137} INFO - [2023-02-27T23:28:35.955+0000] {dagbag.py:538} INFO - Filling up the DagBag from /opt/airflow/dags/dag_with_postgres_operator.py
[2023-02-27T23:28:35.981+0000] {processor.py:753} INFO - DAG(s) dict_keys(['dag_with_postgres_operator_v03']) retrieved from /opt/airflow/dags/dag_with_postgres_operator.py
[2023-02-27T23:28:35.999+0000] {logging_mixin.py:137} INFO - [2023-02-27T23:28:35.999+0000] {dag.py:2690} INFO - Sync 1 DAGs
[2023-02-27T23:28:36.031+0000] {processor.py:175} INFO - Processing /opt/airflow/dags/dag_with_postgres_operator.py took 0.078 seconds
[2023-02-27T23:29:06.068+0000] {processor.py:153} INFO - Started process (PID=1174) to work on /opt/airflow/dags/dag_with_postgres_operator.py
[2023-02-27T23:29:06.069+0000] {processor.py:743} INFO - Processing file /opt/airflow/dags/dag_with_postgres_operator.py for tasks to queue
[2023-02-27T23:29:06.069+0000] {logging_mixin.py:137} INFO - [2023-02-27T23:29:06.069+0000] {dagbag.py:538} INFO - Filling up the DagBag from /opt/airflow/dags/dag_with_postgres_operator.py
[2023-02-27T23:29:06.095+0000] {processor.py:753} INFO - DAG(s) dict_keys(['dag_with_postgres_operator_v03']) retrieved from /opt/airflow/dags/dag_with_postgres_operator.py
[2023-02-27T23:29:06.117+0000] {logging_mixin.py:137} INFO - [2023-02-27T23:29:06.116+0000] {dag.py:2690} INFO - Sync 1 DAGs
[2023-02-27T23:29:06.151+0000] {processor.py:175} INFO - Processing /opt/airflow/dags/dag_with_postgres_operator.py took 0.085 seconds
[2023-02-27T23:29:36.227+0000] {processor.py:153} INFO - Started process (PID=1241) to work on /opt/airflow/dags/dag_with_postgres_operator.py
[2023-02-27T23:29:36.228+0000] {processor.py:743} INFO - Processing file /opt/airflow/dags/dag_with_postgres_operator.py for tasks to queue
[2023-02-27T23:29:36.228+0000] {logging_mixin.py:137} INFO - [2023-02-27T23:29:36.228+0000] {dagbag.py:538} INFO - Filling up the DagBag from /opt/airflow/dags/dag_with_postgres_operator.py
[2023-02-27T23:29:36.250+0000] {processor.py:753} INFO - DAG(s) dict_keys(['dag_with_postgres_operator_v03']) retrieved from /opt/airflow/dags/dag_with_postgres_operator.py
[2023-02-27T23:29:36.265+0000] {logging_mixin.py:137} INFO - [2023-02-27T23:29:36.265+0000] {dag.py:2690} INFO - Sync 1 DAGs
[2023-02-27T23:29:36.297+0000] {processor.py:175} INFO - Processing /opt/airflow/dags/dag_with_postgres_operator.py took 0.072 seconds
[2023-02-27T23:30:06.352+0000] {processor.py:153} INFO - Started process (PID=1302) to work on /opt/airflow/dags/dag_with_postgres_operator.py
[2023-02-27T23:30:06.352+0000] {processor.py:743} INFO - Processing file /opt/airflow/dags/dag_with_postgres_operator.py for tasks to queue
[2023-02-27T23:30:06.353+0000] {logging_mixin.py:137} INFO - [2023-02-27T23:30:06.353+0000] {dagbag.py:538} INFO - Filling up the DagBag from /opt/airflow/dags/dag_with_postgres_operator.py
[2023-02-27T23:30:06.383+0000] {processor.py:753} INFO - DAG(s) dict_keys(['dag_with_postgres_operator_v03']) retrieved from /opt/airflow/dags/dag_with_postgres_operator.py
[2023-02-27T23:30:06.406+0000] {logging_mixin.py:137} INFO - [2023-02-27T23:30:06.406+0000] {dag.py:2690} INFO - Sync 1 DAGs
[2023-02-27T23:30:06.453+0000] {processor.py:175} INFO - Processing /opt/airflow/dags/dag_with_postgres_operator.py took 0.103 seconds
[2023-02-27T23:30:34.497+0000] {processor.py:153} INFO - Started process (PID=1343) to work on /opt/airflow/dags/dag_with_postgres_operator.py
[2023-02-27T23:30:34.497+0000] {processor.py:743} INFO - Processing file /opt/airflow/dags/dag_with_postgres_operator.py for tasks to queue
[2023-02-27T23:30:34.497+0000] {logging_mixin.py:137} INFO - [2023-02-27T23:30:34.497+0000] {dagbag.py:538} INFO - Filling up the DagBag from /opt/airflow/dags/dag_with_postgres_operator.py
[2023-02-27T23:30:34.499+0000] {logging_mixin.py:137} INFO - [2023-02-27T23:30:34.498+0000] {dagbag.py:343} ERROR - Failed to import: /opt/airflow/dags/dag_with_postgres_operator.py
Traceback (most recent call last):
  File "/home/airflow/.local/lib/python3.7/site-packages/airflow/models/dagbag.py", line 339, in parse
    loader.exec_module(new_module)
  File "<frozen importlib._bootstrap_external>", line 724, in exec_module
  File "<frozen importlib._bootstrap_external>", line 860, in get_code
  File "<frozen importlib._bootstrap_external>", line 791, in source_to_code
  File "<frozen importlib._bootstrap>", line 219, in _call_with_frames_removed
  File "/opt/airflow/dags/dag_with_postgres_operator.py", line 19
    ca
    ^
SyntaxError: positional argument follows keyword argument
[2023-02-27T23:30:34.500+0000] {processor.py:755} WARNING - No viable dags retrieved from /opt/airflow/dags/dag_with_postgres_operator.py
[2023-02-27T23:30:34.513+0000] {processor.py:175} INFO - Processing /opt/airflow/dags/dag_with_postgres_operator.py took 0.018 seconds
[2023-02-27T23:30:52.564+0000] {processor.py:153} INFO - Started process (PID=1373) to work on /opt/airflow/dags/dag_with_postgres_operator.py
[2023-02-27T23:30:52.565+0000] {processor.py:743} INFO - Processing file /opt/airflow/dags/dag_with_postgres_operator.py for tasks to queue
[2023-02-27T23:30:52.565+0000] {logging_mixin.py:137} INFO - [2023-02-27T23:30:52.565+0000] {dagbag.py:538} INFO - Filling up the DagBag from /opt/airflow/dags/dag_with_postgres_operator.py
[2023-02-27T23:30:52.589+0000] {processor.py:753} INFO - DAG(s) dict_keys(['dag_with_postgres_operator_v03']) retrieved from /opt/airflow/dags/dag_with_postgres_operator.py
[2023-02-27T23:30:52.647+0000] {logging_mixin.py:137} INFO - [2023-02-27T23:30:52.647+0000] {dag.py:2690} INFO - Sync 1 DAGs
[2023-02-27T23:30:52.689+0000] {processor.py:175} INFO - Processing /opt/airflow/dags/dag_with_postgres_operator.py took 0.127 seconds
[2023-02-27T23:31:22.784+0000] {processor.py:153} INFO - Started process (PID=1425) to work on /opt/airflow/dags/dag_with_postgres_operator.py
[2023-02-27T23:31:22.785+0000] {processor.py:743} INFO - Processing file /opt/airflow/dags/dag_with_postgres_operator.py for tasks to queue
[2023-02-27T23:31:22.785+0000] {logging_mixin.py:137} INFO - [2023-02-27T23:31:22.785+0000] {dagbag.py:538} INFO - Filling up the DagBag from /opt/airflow/dags/dag_with_postgres_operator.py
[2023-02-27T23:31:22.809+0000] {processor.py:753} INFO - DAG(s) dict_keys(['dag_with_postgres_operator_v03']) retrieved from /opt/airflow/dags/dag_with_postgres_operator.py
[2023-02-27T23:31:22.829+0000] {logging_mixin.py:137} INFO - [2023-02-27T23:31:22.829+0000] {dag.py:2690} INFO - Sync 1 DAGs
[2023-02-27T23:31:22.868+0000] {processor.py:175} INFO - Processing /opt/airflow/dags/dag_with_postgres_operator.py took 0.086 seconds
[2023-02-27T23:31:52.887+0000] {processor.py:153} INFO - Started process (PID=1486) to work on /opt/airflow/dags/dag_with_postgres_operator.py
[2023-02-27T23:31:52.888+0000] {processor.py:743} INFO - Processing file /opt/airflow/dags/dag_with_postgres_operator.py for tasks to queue
[2023-02-27T23:31:52.888+0000] {logging_mixin.py:137} INFO - [2023-02-27T23:31:52.888+0000] {dagbag.py:538} INFO - Filling up the DagBag from /opt/airflow/dags/dag_with_postgres_operator.py
[2023-02-27T23:31:52.911+0000] {processor.py:753} INFO - DAG(s) dict_keys(['dag_with_postgres_operator_v03']) retrieved from /opt/airflow/dags/dag_with_postgres_operator.py
[2023-02-27T23:31:52.932+0000] {logging_mixin.py:137} INFO - [2023-02-27T23:31:52.932+0000] {dag.py:2690} INFO - Sync 1 DAGs
[2023-02-27T23:31:52.966+0000] {processor.py:175} INFO - Processing /opt/airflow/dags/dag_with_postgres_operator.py took 0.081 seconds
[2023-02-27T23:32:01.997+0000] {processor.py:153} INFO - Started process (PID=1487) to work on /opt/airflow/dags/dag_with_postgres_operator.py
[2023-02-27T23:32:01.997+0000] {processor.py:743} INFO - Processing file /opt/airflow/dags/dag_with_postgres_operator.py for tasks to queue
[2023-02-27T23:32:01.998+0000] {logging_mixin.py:137} INFO - [2023-02-27T23:32:01.998+0000] {dagbag.py:538} INFO - Filling up the DagBag from /opt/airflow/dags/dag_with_postgres_operator.py
[2023-02-27T23:32:02.021+0000] {processor.py:753} INFO - DAG(s) dict_keys(['dag_with_postgres_operator_v03']) retrieved from /opt/airflow/dags/dag_with_postgres_operator.py
[2023-02-27T23:32:02.037+0000] {logging_mixin.py:137} INFO - [2023-02-27T23:32:02.037+0000] {dag.py:2690} INFO - Sync 1 DAGs
[2023-02-27T23:32:02.070+0000] {processor.py:175} INFO - Processing /opt/airflow/dags/dag_with_postgres_operator.py took 0.076 seconds
[2023-02-27T23:32:32.111+0000] {processor.py:153} INFO - Started process (PID=1548) to work on /opt/airflow/dags/dag_with_postgres_operator.py
[2023-02-27T23:32:32.112+0000] {processor.py:743} INFO - Processing file /opt/airflow/dags/dag_with_postgres_operator.py for tasks to queue
[2023-02-27T23:32:32.112+0000] {logging_mixin.py:137} INFO - [2023-02-27T23:32:32.112+0000] {dagbag.py:538} INFO - Filling up the DagBag from /opt/airflow/dags/dag_with_postgres_operator.py
[2023-02-27T23:32:32.135+0000] {processor.py:753} INFO - DAG(s) dict_keys(['dag_with_postgres_operator_v03']) retrieved from /opt/airflow/dags/dag_with_postgres_operator.py
[2023-02-27T23:32:32.153+0000] {logging_mixin.py:137} INFO - [2023-02-27T23:32:32.153+0000] {dag.py:2690} INFO - Sync 1 DAGs
[2023-02-27T23:32:32.189+0000] {processor.py:175} INFO - Processing /opt/airflow/dags/dag_with_postgres_operator.py took 0.080 seconds
[2023-02-27T23:33:02.274+0000] {processor.py:153} INFO - Started process (PID=1589) to work on /opt/airflow/dags/dag_with_postgres_operator.py
[2023-02-27T23:33:02.274+0000] {processor.py:743} INFO - Processing file /opt/airflow/dags/dag_with_postgres_operator.py for tasks to queue
[2023-02-27T23:33:02.275+0000] {logging_mixin.py:137} INFO - [2023-02-27T23:33:02.275+0000] {dagbag.py:538} INFO - Filling up the DagBag from /opt/airflow/dags/dag_with_postgres_operator.py
[2023-02-27T23:33:02.300+0000] {processor.py:753} INFO - DAG(s) dict_keys(['dag_with_postgres_operator_v03']) retrieved from /opt/airflow/dags/dag_with_postgres_operator.py
[2023-02-27T23:33:02.354+0000] {logging_mixin.py:137} INFO - [2023-02-27T23:33:02.354+0000] {dag.py:2690} INFO - Sync 1 DAGs
[2023-02-27T23:33:02.364+0000] {logging_mixin.py:137} INFO - [2023-02-27T23:33:02.364+0000] {dag.py:2711} INFO - Creating ORM DAG for dag_with_postgres_operator_v03
[2023-02-27T23:33:02.377+0000] {logging_mixin.py:137} INFO - [2023-02-27T23:33:02.377+0000] {dag.py:3441} INFO - Setting next_dagrun for dag_with_postgres_operator_v03 to 2023-02-26T00:00:00+00:00, run_after=2023-02-27T00:00:00+00:00
[2023-02-27T23:33:02.392+0000] {processor.py:175} INFO - Processing /opt/airflow/dags/dag_with_postgres_operator.py took 0.120 seconds
[2023-02-27T23:38:05.369+0000] {processor.py:153} INFO - Started process (PID=2110) to work on /opt/airflow/dags/dag_with_postgres_operator.py
[2023-02-27T23:38:05.370+0000] {processor.py:743} INFO - Processing file /opt/airflow/dags/dag_with_postgres_operator.py for tasks to queue
[2023-02-27T23:38:05.370+0000] {logging_mixin.py:137} INFO - [2023-02-27T23:38:05.370+0000] {dagbag.py:538} INFO - Filling up the DagBag from /opt/airflow/dags/dag_with_postgres_operator.py
[2023-02-27T23:38:05.396+0000] {processor.py:753} INFO - DAG(s) dict_keys(['dag_with_postgres_operator_v03']) retrieved from /opt/airflow/dags/dag_with_postgres_operator.py
[2023-02-27T23:38:05.417+0000] {logging_mixin.py:137} INFO - [2023-02-27T23:38:05.417+0000] {dag.py:2690} INFO - Sync 1 DAGs
[2023-02-27T23:38:05.460+0000] {logging_mixin.py:137} INFO - [2023-02-27T23:38:05.459+0000] {dag.py:3441} INFO - Setting next_dagrun for dag_with_postgres_operator_v03 to 2023-02-27T00:00:00+00:00, run_after=2023-02-28T00:00:00+00:00
[2023-02-27T23:38:05.479+0000] {processor.py:175} INFO - Processing /opt/airflow/dags/dag_with_postgres_operator.py took 0.112 seconds
[2023-02-27T23:38:35.576+0000] {processor.py:153} INFO - Started process (PID=2151) to work on /opt/airflow/dags/dag_with_postgres_operator.py
[2023-02-27T23:38:35.576+0000] {processor.py:743} INFO - Processing file /opt/airflow/dags/dag_with_postgres_operator.py for tasks to queue
[2023-02-27T23:38:35.577+0000] {logging_mixin.py:137} INFO - [2023-02-27T23:38:35.577+0000] {dagbag.py:538} INFO - Filling up the DagBag from /opt/airflow/dags/dag_with_postgres_operator.py
[2023-02-27T23:38:35.601+0000] {processor.py:753} INFO - DAG(s) dict_keys(['dag_with_postgres_operator_v03']) retrieved from /opt/airflow/dags/dag_with_postgres_operator.py
[2023-02-27T23:38:35.617+0000] {logging_mixin.py:137} INFO - [2023-02-27T23:38:35.617+0000] {dag.py:2690} INFO - Sync 1 DAGs
[2023-02-27T23:38:35.637+0000] {logging_mixin.py:137} INFO - [2023-02-27T23:38:35.637+0000] {dag.py:3441} INFO - Setting next_dagrun for dag_with_postgres_operator_v03 to 2023-02-27T00:00:00+00:00, run_after=2023-02-28T00:00:00+00:00
[2023-02-27T23:38:35.650+0000] {processor.py:175} INFO - Processing /opt/airflow/dags/dag_with_postgres_operator.py took 0.076 seconds
[2023-02-27T23:39:05.683+0000] {processor.py:153} INFO - Started process (PID=2212) to work on /opt/airflow/dags/dag_with_postgres_operator.py
[2023-02-27T23:39:05.683+0000] {processor.py:743} INFO - Processing file /opt/airflow/dags/dag_with_postgres_operator.py for tasks to queue
[2023-02-27T23:39:05.684+0000] {logging_mixin.py:137} INFO - [2023-02-27T23:39:05.683+0000] {dagbag.py:538} INFO - Filling up the DagBag from /opt/airflow/dags/dag_with_postgres_operator.py
[2023-02-27T23:39:05.706+0000] {processor.py:753} INFO - DAG(s) dict_keys(['dag_with_postgres_operator_v03']) retrieved from /opt/airflow/dags/dag_with_postgres_operator.py
[2023-02-27T23:39:05.721+0000] {logging_mixin.py:137} INFO - [2023-02-27T23:39:05.721+0000] {dag.py:2690} INFO - Sync 1 DAGs
[2023-02-27T23:39:05.740+0000] {logging_mixin.py:137} INFO - [2023-02-27T23:39:05.740+0000] {dag.py:3441} INFO - Setting next_dagrun for dag_with_postgres_operator_v03 to 2023-02-27T00:00:00+00:00, run_after=2023-02-28T00:00:00+00:00
[2023-02-27T23:39:05.753+0000] {processor.py:175} INFO - Processing /opt/airflow/dags/dag_with_postgres_operator.py took 0.072 seconds
[2023-02-27T23:39:35.852+0000] {processor.py:153} INFO - Started process (PID=2253) to work on /opt/airflow/dags/dag_with_postgres_operator.py
[2023-02-27T23:39:35.852+0000] {processor.py:743} INFO - Processing file /opt/airflow/dags/dag_with_postgres_operator.py for tasks to queue
[2023-02-27T23:39:35.852+0000] {logging_mixin.py:137} INFO - [2023-02-27T23:39:35.852+0000] {dagbag.py:538} INFO - Filling up the DagBag from /opt/airflow/dags/dag_with_postgres_operator.py
[2023-02-27T23:39:35.874+0000] {processor.py:753} INFO - DAG(s) dict_keys(['dag_with_postgres_operator_v03']) retrieved from /opt/airflow/dags/dag_with_postgres_operator.py
[2023-02-27T23:39:35.892+0000] {logging_mixin.py:137} INFO - [2023-02-27T23:39:35.892+0000] {dag.py:2690} INFO - Sync 1 DAGs
[2023-02-27T23:39:35.910+0000] {logging_mixin.py:137} INFO - [2023-02-27T23:39:35.910+0000] {dag.py:3441} INFO - Setting next_dagrun for dag_with_postgres_operator_v03 to 2023-02-27T00:00:00+00:00, run_after=2023-02-28T00:00:00+00:00
[2023-02-27T23:39:35.925+0000] {processor.py:175} INFO - Processing /opt/airflow/dags/dag_with_postgres_operator.py took 0.075 seconds
[2023-02-27T23:40:05.973+0000] {processor.py:153} INFO - Started process (PID=2314) to work on /opt/airflow/dags/dag_with_postgres_operator.py
[2023-02-27T23:40:05.973+0000] {processor.py:743} INFO - Processing file /opt/airflow/dags/dag_with_postgres_operator.py for tasks to queue
[2023-02-27T23:40:05.974+0000] {logging_mixin.py:137} INFO - [2023-02-27T23:40:05.973+0000] {dagbag.py:538} INFO - Filling up the DagBag from /opt/airflow/dags/dag_with_postgres_operator.py
[2023-02-27T23:40:05.995+0000] {processor.py:753} INFO - DAG(s) dict_keys(['dag_with_postgres_operator_v03']) retrieved from /opt/airflow/dags/dag_with_postgres_operator.py
[2023-02-27T23:40:06.011+0000] {logging_mixin.py:137} INFO - [2023-02-27T23:40:06.011+0000] {dag.py:2690} INFO - Sync 1 DAGs
[2023-02-27T23:40:06.029+0000] {logging_mixin.py:137} INFO - [2023-02-27T23:40:06.029+0000] {dag.py:3441} INFO - Setting next_dagrun for dag_with_postgres_operator_v03 to 2023-02-27T00:00:00+00:00, run_after=2023-02-28T00:00:00+00:00
[2023-02-27T23:40:06.043+0000] {processor.py:175} INFO - Processing /opt/airflow/dags/dag_with_postgres_operator.py took 0.072 seconds
[2023-02-27T23:40:36.130+0000] {processor.py:153} INFO - Started process (PID=2355) to work on /opt/airflow/dags/dag_with_postgres_operator.py
[2023-02-27T23:40:36.130+0000] {processor.py:743} INFO - Processing file /opt/airflow/dags/dag_with_postgres_operator.py for tasks to queue
[2023-02-27T23:40:36.131+0000] {logging_mixin.py:137} INFO - [2023-02-27T23:40:36.130+0000] {dagbag.py:538} INFO - Filling up the DagBag from /opt/airflow/dags/dag_with_postgres_operator.py
[2023-02-27T23:40:36.158+0000] {processor.py:753} INFO - DAG(s) dict_keys(['dag_with_postgres_operator_v03']) retrieved from /opt/airflow/dags/dag_with_postgres_operator.py
[2023-02-27T23:40:36.173+0000] {logging_mixin.py:137} INFO - [2023-02-27T23:40:36.173+0000] {dag.py:2690} INFO - Sync 1 DAGs
[2023-02-27T23:40:36.191+0000] {logging_mixin.py:137} INFO - [2023-02-27T23:40:36.191+0000] {dag.py:3441} INFO - Setting next_dagrun for dag_with_postgres_operator_v03 to 2023-02-27T00:00:00+00:00, run_after=2023-02-28T00:00:00+00:00
[2023-02-27T23:40:36.204+0000] {processor.py:175} INFO - Processing /opt/airflow/dags/dag_with_postgres_operator.py took 0.077 seconds
[2023-02-27T23:41:06.248+0000] {processor.py:153} INFO - Started process (PID=2416) to work on /opt/airflow/dags/dag_with_postgres_operator.py
[2023-02-27T23:41:06.248+0000] {processor.py:743} INFO - Processing file /opt/airflow/dags/dag_with_postgres_operator.py for tasks to queue
[2023-02-27T23:41:06.249+0000] {logging_mixin.py:137} INFO - [2023-02-27T23:41:06.249+0000] {dagbag.py:538} INFO - Filling up the DagBag from /opt/airflow/dags/dag_with_postgres_operator.py
[2023-02-27T23:41:06.271+0000] {processor.py:753} INFO - DAG(s) dict_keys(['dag_with_postgres_operator_v03']) retrieved from /opt/airflow/dags/dag_with_postgres_operator.py
[2023-02-27T23:41:06.288+0000] {logging_mixin.py:137} INFO - [2023-02-27T23:41:06.288+0000] {dag.py:2690} INFO - Sync 1 DAGs
[2023-02-27T23:41:06.307+0000] {logging_mixin.py:137} INFO - [2023-02-27T23:41:06.307+0000] {dag.py:3441} INFO - Setting next_dagrun for dag_with_postgres_operator_v03 to 2023-02-27T00:00:00+00:00, run_after=2023-02-28T00:00:00+00:00
[2023-02-27T23:41:06.325+0000] {processor.py:175} INFO - Processing /opt/airflow/dags/dag_with_postgres_operator.py took 0.079 seconds
[2023-02-27T23:41:36.405+0000] {processor.py:153} INFO - Started process (PID=2457) to work on /opt/airflow/dags/dag_with_postgres_operator.py
[2023-02-27T23:41:36.406+0000] {processor.py:743} INFO - Processing file /opt/airflow/dags/dag_with_postgres_operator.py for tasks to queue
[2023-02-27T23:41:36.406+0000] {logging_mixin.py:137} INFO - [2023-02-27T23:41:36.406+0000] {dagbag.py:538} INFO - Filling up the DagBag from /opt/airflow/dags/dag_with_postgres_operator.py
[2023-02-27T23:41:36.434+0000] {processor.py:753} INFO - DAG(s) dict_keys(['dag_with_postgres_operator_v03']) retrieved from /opt/airflow/dags/dag_with_postgres_operator.py
[2023-02-27T23:41:36.454+0000] {logging_mixin.py:137} INFO - [2023-02-27T23:41:36.454+0000] {dag.py:2690} INFO - Sync 1 DAGs
[2023-02-27T23:41:36.477+0000] {logging_mixin.py:137} INFO - [2023-02-27T23:41:36.476+0000] {dag.py:3441} INFO - Setting next_dagrun for dag_with_postgres_operator_v03 to 2023-02-27T00:00:00+00:00, run_after=2023-02-28T00:00:00+00:00
[2023-02-27T23:41:36.493+0000] {processor.py:175} INFO - Processing /opt/airflow/dags/dag_with_postgres_operator.py took 0.091 seconds
[2023-02-27T23:42:06.523+0000] {processor.py:153} INFO - Started process (PID=2518) to work on /opt/airflow/dags/dag_with_postgres_operator.py
[2023-02-27T23:42:06.524+0000] {processor.py:743} INFO - Processing file /opt/airflow/dags/dag_with_postgres_operator.py for tasks to queue
[2023-02-27T23:42:06.524+0000] {logging_mixin.py:137} INFO - [2023-02-27T23:42:06.524+0000] {dagbag.py:538} INFO - Filling up the DagBag from /opt/airflow/dags/dag_with_postgres_operator.py
[2023-02-27T23:42:06.546+0000] {processor.py:753} INFO - DAG(s) dict_keys(['dag_with_postgres_operator_v03']) retrieved from /opt/airflow/dags/dag_with_postgres_operator.py
[2023-02-27T23:42:06.565+0000] {logging_mixin.py:137} INFO - [2023-02-27T23:42:06.565+0000] {dag.py:2690} INFO - Sync 1 DAGs
[2023-02-27T23:42:06.588+0000] {logging_mixin.py:137} INFO - [2023-02-27T23:42:06.588+0000] {dag.py:3441} INFO - Setting next_dagrun for dag_with_postgres_operator_v03 to 2023-02-27T00:00:00+00:00, run_after=2023-02-28T00:00:00+00:00
[2023-02-27T23:42:06.601+0000] {processor.py:175} INFO - Processing /opt/airflow/dags/dag_with_postgres_operator.py took 0.080 seconds
[2023-02-27T23:42:36.697+0000] {processor.py:153} INFO - Started process (PID=2559) to work on /opt/airflow/dags/dag_with_postgres_operator.py
[2023-02-27T23:42:36.697+0000] {processor.py:743} INFO - Processing file /opt/airflow/dags/dag_with_postgres_operator.py for tasks to queue
[2023-02-27T23:42:36.698+0000] {logging_mixin.py:137} INFO - [2023-02-27T23:42:36.698+0000] {dagbag.py:538} INFO - Filling up the DagBag from /opt/airflow/dags/dag_with_postgres_operator.py
[2023-02-27T23:42:36.719+0000] {processor.py:753} INFO - DAG(s) dict_keys(['dag_with_postgres_operator_v03']) retrieved from /opt/airflow/dags/dag_with_postgres_operator.py
[2023-02-27T23:42:36.735+0000] {logging_mixin.py:137} INFO - [2023-02-27T23:42:36.735+0000] {dag.py:2690} INFO - Sync 1 DAGs
[2023-02-27T23:42:36.755+0000] {logging_mixin.py:137} INFO - [2023-02-27T23:42:36.754+0000] {dag.py:3441} INFO - Setting next_dagrun for dag_with_postgres_operator_v03 to 2023-02-27T00:00:00+00:00, run_after=2023-02-28T00:00:00+00:00
[2023-02-27T23:42:36.768+0000] {processor.py:175} INFO - Processing /opt/airflow/dags/dag_with_postgres_operator.py took 0.073 seconds
[2023-02-27T23:43:06.819+0000] {processor.py:153} INFO - Started process (PID=2620) to work on /opt/airflow/dags/dag_with_postgres_operator.py
[2023-02-27T23:43:06.819+0000] {processor.py:743} INFO - Processing file /opt/airflow/dags/dag_with_postgres_operator.py for tasks to queue
[2023-02-27T23:43:06.820+0000] {logging_mixin.py:137} INFO - [2023-02-27T23:43:06.820+0000] {dagbag.py:538} INFO - Filling up the DagBag from /opt/airflow/dags/dag_with_postgres_operator.py
[2023-02-27T23:43:06.842+0000] {processor.py:753} INFO - DAG(s) dict_keys(['dag_with_postgres_operator_v03']) retrieved from /opt/airflow/dags/dag_with_postgres_operator.py
[2023-02-27T23:43:06.858+0000] {logging_mixin.py:137} INFO - [2023-02-27T23:43:06.858+0000] {dag.py:2690} INFO - Sync 1 DAGs
[2023-02-27T23:43:06.879+0000] {logging_mixin.py:137} INFO - [2023-02-27T23:43:06.879+0000] {dag.py:3441} INFO - Setting next_dagrun for dag_with_postgres_operator_v03 to 2023-02-27T00:00:00+00:00, run_after=2023-02-28T00:00:00+00:00
[2023-02-27T23:43:06.893+0000] {processor.py:175} INFO - Processing /opt/airflow/dags/dag_with_postgres_operator.py took 0.076 seconds
[2023-02-27T23:43:36.970+0000] {processor.py:153} INFO - Started process (PID=2662) to work on /opt/airflow/dags/dag_with_postgres_operator.py
[2023-02-27T23:43:36.971+0000] {processor.py:743} INFO - Processing file /opt/airflow/dags/dag_with_postgres_operator.py for tasks to queue
[2023-02-27T23:43:36.971+0000] {logging_mixin.py:137} INFO - [2023-02-27T23:43:36.971+0000] {dagbag.py:538} INFO - Filling up the DagBag from /opt/airflow/dags/dag_with_postgres_operator.py
[2023-02-27T23:43:36.999+0000] {processor.py:753} INFO - DAG(s) dict_keys(['dag_with_postgres_operator_v03']) retrieved from /opt/airflow/dags/dag_with_postgres_operator.py
[2023-02-27T23:43:37.014+0000] {logging_mixin.py:137} INFO - [2023-02-27T23:43:37.014+0000] {dag.py:2690} INFO - Sync 1 DAGs
[2023-02-27T23:43:37.035+0000] {logging_mixin.py:137} INFO - [2023-02-27T23:43:37.035+0000] {dag.py:3441} INFO - Setting next_dagrun for dag_with_postgres_operator_v03 to 2023-02-27T00:00:00+00:00, run_after=2023-02-28T00:00:00+00:00
[2023-02-27T23:43:37.049+0000] {processor.py:175} INFO - Processing /opt/airflow/dags/dag_with_postgres_operator.py took 0.081 seconds
[2023-02-27T23:44:07.212+0000] {processor.py:153} INFO - Started process (PID=2723) to work on /opt/airflow/dags/dag_with_postgres_operator.py
[2023-02-27T23:44:07.213+0000] {processor.py:743} INFO - Processing file /opt/airflow/dags/dag_with_postgres_operator.py for tasks to queue
[2023-02-27T23:44:07.213+0000] {logging_mixin.py:137} INFO - [2023-02-27T23:44:07.213+0000] {dagbag.py:538} INFO - Filling up the DagBag from /opt/airflow/dags/dag_with_postgres_operator.py
[2023-02-27T23:44:07.238+0000] {processor.py:753} INFO - DAG(s) dict_keys(['dag_with_postgres_operator_v03']) retrieved from /opt/airflow/dags/dag_with_postgres_operator.py
[2023-02-27T23:44:07.255+0000] {logging_mixin.py:137} INFO - [2023-02-27T23:44:07.254+0000] {dag.py:2690} INFO - Sync 1 DAGs
[2023-02-27T23:44:07.274+0000] {logging_mixin.py:137} INFO - [2023-02-27T23:44:07.274+0000] {dag.py:3441} INFO - Setting next_dagrun for dag_with_postgres_operator_v03 to 2023-02-27T00:00:00+00:00, run_after=2023-02-28T00:00:00+00:00
[2023-02-27T23:44:07.290+0000] {processor.py:175} INFO - Processing /opt/airflow/dags/dag_with_postgres_operator.py took 0.080 seconds
[2023-02-27T23:44:37.326+0000] {processor.py:153} INFO - Started process (PID=2773) to work on /opt/airflow/dags/dag_with_postgres_operator.py
[2023-02-27T23:44:37.326+0000] {processor.py:743} INFO - Processing file /opt/airflow/dags/dag_with_postgres_operator.py for tasks to queue
[2023-02-27T23:44:37.327+0000] {logging_mixin.py:137} INFO - [2023-02-27T23:44:37.327+0000] {dagbag.py:538} INFO - Filling up the DagBag from /opt/airflow/dags/dag_with_postgres_operator.py
[2023-02-27T23:44:37.358+0000] {processor.py:753} INFO - DAG(s) dict_keys(['dag_with_postgres_operator_v03']) retrieved from /opt/airflow/dags/dag_with_postgres_operator.py
[2023-02-27T23:44:37.379+0000] {logging_mixin.py:137} INFO - [2023-02-27T23:44:37.379+0000] {dag.py:2690} INFO - Sync 1 DAGs
[2023-02-27T23:44:37.406+0000] {logging_mixin.py:137} INFO - [2023-02-27T23:44:37.406+0000] {dag.py:3441} INFO - Setting next_dagrun for dag_with_postgres_operator_v03 to 2023-02-27T00:00:00+00:00, run_after=2023-02-28T00:00:00+00:00
[2023-02-27T23:44:37.423+0000] {processor.py:175} INFO - Processing /opt/airflow/dags/dag_with_postgres_operator.py took 0.100 seconds
[2023-02-27T23:45:07.493+0000] {processor.py:153} INFO - Started process (PID=2825) to work on /opt/airflow/dags/dag_with_postgres_operator.py
[2023-02-27T23:45:07.493+0000] {processor.py:743} INFO - Processing file /opt/airflow/dags/dag_with_postgres_operator.py for tasks to queue
[2023-02-27T23:45:07.494+0000] {logging_mixin.py:137} INFO - [2023-02-27T23:45:07.494+0000] {dagbag.py:538} INFO - Filling up the DagBag from /opt/airflow/dags/dag_with_postgres_operator.py
[2023-02-27T23:45:07.518+0000] {processor.py:753} INFO - DAG(s) dict_keys(['dag_with_postgres_operator_v03']) retrieved from /opt/airflow/dags/dag_with_postgres_operator.py
[2023-02-27T23:45:07.534+0000] {logging_mixin.py:137} INFO - [2023-02-27T23:45:07.534+0000] {dag.py:2690} INFO - Sync 1 DAGs
[2023-02-27T23:45:07.555+0000] {logging_mixin.py:137} INFO - [2023-02-27T23:45:07.555+0000] {dag.py:3441} INFO - Setting next_dagrun for dag_with_postgres_operator_v03 to 2023-02-27T00:00:00+00:00, run_after=2023-02-28T00:00:00+00:00
[2023-02-27T23:45:07.569+0000] {processor.py:175} INFO - Processing /opt/airflow/dags/dag_with_postgres_operator.py took 0.079 seconds
[2023-02-27T23:45:37.631+0000] {processor.py:153} INFO - Started process (PID=2886) to work on /opt/airflow/dags/dag_with_postgres_operator.py
[2023-02-27T23:45:37.632+0000] {processor.py:743} INFO - Processing file /opt/airflow/dags/dag_with_postgres_operator.py for tasks to queue
[2023-02-27T23:45:37.632+0000] {logging_mixin.py:137} INFO - [2023-02-27T23:45:37.632+0000] {dagbag.py:538} INFO - Filling up the DagBag from /opt/airflow/dags/dag_with_postgres_operator.py
[2023-02-27T23:45:37.661+0000] {processor.py:753} INFO - DAG(s) dict_keys(['dag_with_postgres_operator_v03']) retrieved from /opt/airflow/dags/dag_with_postgres_operator.py
[2023-02-27T23:45:37.677+0000] {logging_mixin.py:137} INFO - [2023-02-27T23:45:37.677+0000] {dag.py:2690} INFO - Sync 1 DAGs
[2023-02-27T23:45:37.700+0000] {logging_mixin.py:137} INFO - [2023-02-27T23:45:37.700+0000] {dag.py:3441} INFO - Setting next_dagrun for dag_with_postgres_operator_v03 to 2023-02-27T00:00:00+00:00, run_after=2023-02-28T00:00:00+00:00
[2023-02-27T23:45:37.716+0000] {processor.py:175} INFO - Processing /opt/airflow/dags/dag_with_postgres_operator.py took 0.087 seconds
[2023-02-27T23:46:07.765+0000] {processor.py:153} INFO - Started process (PID=2927) to work on /opt/airflow/dags/dag_with_postgres_operator.py
[2023-02-27T23:46:07.765+0000] {processor.py:743} INFO - Processing file /opt/airflow/dags/dag_with_postgres_operator.py for tasks to queue
[2023-02-27T23:46:07.765+0000] {logging_mixin.py:137} INFO - [2023-02-27T23:46:07.765+0000] {dagbag.py:538} INFO - Filling up the DagBag from /opt/airflow/dags/dag_with_postgres_operator.py
[2023-02-27T23:46:07.787+0000] {processor.py:753} INFO - DAG(s) dict_keys(['dag_with_postgres_operator_v03']) retrieved from /opt/airflow/dags/dag_with_postgres_operator.py
[2023-02-27T23:46:07.804+0000] {logging_mixin.py:137} INFO - [2023-02-27T23:46:07.804+0000] {dag.py:2690} INFO - Sync 1 DAGs
[2023-02-27T23:46:07.821+0000] {logging_mixin.py:137} INFO - [2023-02-27T23:46:07.821+0000] {dag.py:3441} INFO - Setting next_dagrun for dag_with_postgres_operator_v03 to 2023-02-27T00:00:00+00:00, run_after=2023-02-28T00:00:00+00:00
[2023-02-27T23:46:07.834+0000] {processor.py:175} INFO - Processing /opt/airflow/dags/dag_with_postgres_operator.py took 0.071 seconds
[2023-02-27T23:46:37.911+0000] {processor.py:153} INFO - Started process (PID=2988) to work on /opt/airflow/dags/dag_with_postgres_operator.py
[2023-02-27T23:46:37.912+0000] {processor.py:743} INFO - Processing file /opt/airflow/dags/dag_with_postgres_operator.py for tasks to queue
[2023-02-27T23:46:37.912+0000] {logging_mixin.py:137} INFO - [2023-02-27T23:46:37.912+0000] {dagbag.py:538} INFO - Filling up the DagBag from /opt/airflow/dags/dag_with_postgres_operator.py
[2023-02-27T23:46:37.933+0000] {processor.py:753} INFO - DAG(s) dict_keys(['dag_with_postgres_operator_v03']) retrieved from /opt/airflow/dags/dag_with_postgres_operator.py
[2023-02-27T23:46:37.949+0000] {logging_mixin.py:137} INFO - [2023-02-27T23:46:37.948+0000] {dag.py:2690} INFO - Sync 1 DAGs
[2023-02-27T23:46:37.968+0000] {logging_mixin.py:137} INFO - [2023-02-27T23:46:37.968+0000] {dag.py:3441} INFO - Setting next_dagrun for dag_with_postgres_operator_v03 to 2023-02-27T00:00:00+00:00, run_after=2023-02-28T00:00:00+00:00
[2023-02-27T23:46:37.981+0000] {processor.py:175} INFO - Processing /opt/airflow/dags/dag_with_postgres_operator.py took 0.071 seconds
[2023-02-27T23:47:08.024+0000] {processor.py:153} INFO - Started process (PID=3029) to work on /opt/airflow/dags/dag_with_postgres_operator.py
[2023-02-27T23:47:08.024+0000] {processor.py:743} INFO - Processing file /opt/airflow/dags/dag_with_postgres_operator.py for tasks to queue
[2023-02-27T23:47:08.025+0000] {logging_mixin.py:137} INFO - [2023-02-27T23:47:08.025+0000] {dagbag.py:538} INFO - Filling up the DagBag from /opt/airflow/dags/dag_with_postgres_operator.py
[2023-02-27T23:47:08.050+0000] {processor.py:753} INFO - DAG(s) dict_keys(['dag_with_postgres_operator_v03']) retrieved from /opt/airflow/dags/dag_with_postgres_operator.py
[2023-02-27T23:47:08.067+0000] {logging_mixin.py:137} INFO - [2023-02-27T23:47:08.067+0000] {dag.py:2690} INFO - Sync 1 DAGs
[2023-02-27T23:47:08.084+0000] {logging_mixin.py:137} INFO - [2023-02-27T23:47:08.084+0000] {dag.py:3441} INFO - Setting next_dagrun for dag_with_postgres_operator_v03 to 2023-02-27T00:00:00+00:00, run_after=2023-02-28T00:00:00+00:00
[2023-02-27T23:47:08.097+0000] {processor.py:175} INFO - Processing /opt/airflow/dags/dag_with_postgres_operator.py took 0.074 seconds
[2023-02-27T23:47:38.182+0000] {processor.py:153} INFO - Started process (PID=3090) to work on /opt/airflow/dags/dag_with_postgres_operator.py
[2023-02-27T23:47:38.182+0000] {processor.py:743} INFO - Processing file /opt/airflow/dags/dag_with_postgres_operator.py for tasks to queue
[2023-02-27T23:47:38.183+0000] {logging_mixin.py:137} INFO - [2023-02-27T23:47:38.183+0000] {dagbag.py:538} INFO - Filling up the DagBag from /opt/airflow/dags/dag_with_postgres_operator.py
[2023-02-27T23:47:38.205+0000] {processor.py:753} INFO - DAG(s) dict_keys(['dag_with_postgres_operator_v03']) retrieved from /opt/airflow/dags/dag_with_postgres_operator.py
[2023-02-27T23:47:38.223+0000] {logging_mixin.py:137} INFO - [2023-02-27T23:47:38.223+0000] {dag.py:2690} INFO - Sync 1 DAGs
[2023-02-27T23:47:38.242+0000] {logging_mixin.py:137} INFO - [2023-02-27T23:47:38.242+0000] {dag.py:3441} INFO - Setting next_dagrun for dag_with_postgres_operator_v03 to 2023-02-27T00:00:00+00:00, run_after=2023-02-28T00:00:00+00:00
[2023-02-27T23:47:38.256+0000] {processor.py:175} INFO - Processing /opt/airflow/dags/dag_with_postgres_operator.py took 0.076 seconds
[2023-02-27T23:48:08.305+0000] {processor.py:153} INFO - Started process (PID=3131) to work on /opt/airflow/dags/dag_with_postgres_operator.py
[2023-02-27T23:48:08.305+0000] {processor.py:743} INFO - Processing file /opt/airflow/dags/dag_with_postgres_operator.py for tasks to queue
[2023-02-27T23:48:08.306+0000] {logging_mixin.py:137} INFO - [2023-02-27T23:48:08.306+0000] {dagbag.py:538} INFO - Filling up the DagBag from /opt/airflow/dags/dag_with_postgres_operator.py
[2023-02-27T23:48:08.328+0000] {processor.py:753} INFO - DAG(s) dict_keys(['dag_with_postgres_operator_v03']) retrieved from /opt/airflow/dags/dag_with_postgres_operator.py
[2023-02-27T23:48:08.346+0000] {logging_mixin.py:137} INFO - [2023-02-27T23:48:08.346+0000] {dag.py:2690} INFO - Sync 1 DAGs
[2023-02-27T23:48:08.365+0000] {logging_mixin.py:137} INFO - [2023-02-27T23:48:08.365+0000] {dag.py:3441} INFO - Setting next_dagrun for dag_with_postgres_operator_v03 to 2023-02-27T00:00:00+00:00, run_after=2023-02-28T00:00:00+00:00
[2023-02-27T23:48:08.379+0000] {processor.py:175} INFO - Processing /opt/airflow/dags/dag_with_postgres_operator.py took 0.076 seconds
[2023-02-27T23:48:38.460+0000] {processor.py:153} INFO - Started process (PID=3192) to work on /opt/airflow/dags/dag_with_postgres_operator.py
[2023-02-27T23:48:38.461+0000] {processor.py:743} INFO - Processing file /opt/airflow/dags/dag_with_postgres_operator.py for tasks to queue
[2023-02-27T23:48:38.461+0000] {logging_mixin.py:137} INFO - [2023-02-27T23:48:38.461+0000] {dagbag.py:538} INFO - Filling up the DagBag from /opt/airflow/dags/dag_with_postgres_operator.py
[2023-02-27T23:48:38.485+0000] {processor.py:753} INFO - DAG(s) dict_keys(['dag_with_postgres_operator_v03']) retrieved from /opt/airflow/dags/dag_with_postgres_operator.py
[2023-02-27T23:48:38.502+0000] {logging_mixin.py:137} INFO - [2023-02-27T23:48:38.502+0000] {dag.py:2690} INFO - Sync 1 DAGs
[2023-02-27T23:48:38.525+0000] {logging_mixin.py:137} INFO - [2023-02-27T23:48:38.525+0000] {dag.py:3441} INFO - Setting next_dagrun for dag_with_postgres_operator_v03 to 2023-02-27T00:00:00+00:00, run_after=2023-02-28T00:00:00+00:00
[2023-02-27T23:48:38.544+0000] {processor.py:175} INFO - Processing /opt/airflow/dags/dag_with_postgres_operator.py took 0.085 seconds
[2023-02-27T23:49:08.580+0000] {processor.py:153} INFO - Started process (PID=3233) to work on /opt/airflow/dags/dag_with_postgres_operator.py
[2023-02-27T23:49:08.581+0000] {processor.py:743} INFO - Processing file /opt/airflow/dags/dag_with_postgres_operator.py for tasks to queue
[2023-02-27T23:49:08.582+0000] {logging_mixin.py:137} INFO - [2023-02-27T23:49:08.581+0000] {dagbag.py:538} INFO - Filling up the DagBag from /opt/airflow/dags/dag_with_postgres_operator.py
[2023-02-27T23:49:08.615+0000] {processor.py:753} INFO - DAG(s) dict_keys(['dag_with_postgres_operator_v03']) retrieved from /opt/airflow/dags/dag_with_postgres_operator.py
[2023-02-27T23:49:08.639+0000] {logging_mixin.py:137} INFO - [2023-02-27T23:49:08.639+0000] {dag.py:2690} INFO - Sync 1 DAGs
[2023-02-27T23:49:08.666+0000] {logging_mixin.py:137} INFO - [2023-02-27T23:49:08.666+0000] {dag.py:3441} INFO - Setting next_dagrun for dag_with_postgres_operator_v03 to 2023-02-27T00:00:00+00:00, run_after=2023-02-28T00:00:00+00:00
[2023-02-27T23:49:08.682+0000] {processor.py:175} INFO - Processing /opt/airflow/dags/dag_with_postgres_operator.py took 0.105 seconds
[2023-02-27T23:49:38.747+0000] {processor.py:153} INFO - Started process (PID=3294) to work on /opt/airflow/dags/dag_with_postgres_operator.py
[2023-02-27T23:49:38.747+0000] {processor.py:743} INFO - Processing file /opt/airflow/dags/dag_with_postgres_operator.py for tasks to queue
[2023-02-27T23:49:38.748+0000] {logging_mixin.py:137} INFO - [2023-02-27T23:49:38.748+0000] {dagbag.py:538} INFO - Filling up the DagBag from /opt/airflow/dags/dag_with_postgres_operator.py
[2023-02-27T23:49:38.771+0000] {processor.py:753} INFO - DAG(s) dict_keys(['dag_with_postgres_operator_v03']) retrieved from /opt/airflow/dags/dag_with_postgres_operator.py
[2023-02-27T23:49:38.787+0000] {logging_mixin.py:137} INFO - [2023-02-27T23:49:38.787+0000] {dag.py:2690} INFO - Sync 1 DAGs
[2023-02-27T23:49:38.808+0000] {logging_mixin.py:137} INFO - [2023-02-27T23:49:38.808+0000] {dag.py:3441} INFO - Setting next_dagrun for dag_with_postgres_operator_v03 to 2023-02-27T00:00:00+00:00, run_after=2023-02-28T00:00:00+00:00
[2023-02-27T23:49:38.821+0000] {processor.py:175} INFO - Processing /opt/airflow/dags/dag_with_postgres_operator.py took 0.076 seconds
[2023-02-27T23:50:08.870+0000] {processor.py:153} INFO - Started process (PID=3335) to work on /opt/airflow/dags/dag_with_postgres_operator.py
[2023-02-27T23:50:08.870+0000] {processor.py:743} INFO - Processing file /opt/airflow/dags/dag_with_postgres_operator.py for tasks to queue
[2023-02-27T23:50:08.871+0000] {logging_mixin.py:137} INFO - [2023-02-27T23:50:08.870+0000] {dagbag.py:538} INFO - Filling up the DagBag from /opt/airflow/dags/dag_with_postgres_operator.py
[2023-02-27T23:50:08.893+0000] {processor.py:753} INFO - DAG(s) dict_keys(['dag_with_postgres_operator_v03']) retrieved from /opt/airflow/dags/dag_with_postgres_operator.py
[2023-02-27T23:50:08.910+0000] {logging_mixin.py:137} INFO - [2023-02-27T23:50:08.910+0000] {dag.py:2690} INFO - Sync 1 DAGs
[2023-02-27T23:50:08.930+0000] {logging_mixin.py:137} INFO - [2023-02-27T23:50:08.930+0000] {dag.py:3441} INFO - Setting next_dagrun for dag_with_postgres_operator_v03 to 2023-02-27T00:00:00+00:00, run_after=2023-02-28T00:00:00+00:00
[2023-02-27T23:50:08.943+0000] {processor.py:175} INFO - Processing /opt/airflow/dags/dag_with_postgres_operator.py took 0.075 seconds
[2023-02-27T23:50:39.016+0000] {processor.py:153} INFO - Started process (PID=3396) to work on /opt/airflow/dags/dag_with_postgres_operator.py
[2023-02-27T23:50:39.016+0000] {processor.py:743} INFO - Processing file /opt/airflow/dags/dag_with_postgres_operator.py for tasks to queue
[2023-02-27T23:50:39.017+0000] {logging_mixin.py:137} INFO - [2023-02-27T23:50:39.017+0000] {dagbag.py:538} INFO - Filling up the DagBag from /opt/airflow/dags/dag_with_postgres_operator.py
[2023-02-27T23:50:39.039+0000] {processor.py:753} INFO - DAG(s) dict_keys(['dag_with_postgres_operator_v03']) retrieved from /opt/airflow/dags/dag_with_postgres_operator.py
[2023-02-27T23:50:39.054+0000] {logging_mixin.py:137} INFO - [2023-02-27T23:50:39.054+0000] {dag.py:2690} INFO - Sync 1 DAGs
[2023-02-27T23:50:39.072+0000] {logging_mixin.py:137} INFO - [2023-02-27T23:50:39.072+0000] {dag.py:3441} INFO - Setting next_dagrun for dag_with_postgres_operator_v03 to 2023-02-27T00:00:00+00:00, run_after=2023-02-28T00:00:00+00:00
[2023-02-27T23:50:39.087+0000] {processor.py:175} INFO - Processing /opt/airflow/dags/dag_with_postgres_operator.py took 0.072 seconds
[2023-02-27T23:51:09.137+0000] {processor.py:153} INFO - Started process (PID=3438) to work on /opt/airflow/dags/dag_with_postgres_operator.py
[2023-02-27T23:51:09.138+0000] {processor.py:743} INFO - Processing file /opt/airflow/dags/dag_with_postgres_operator.py for tasks to queue
[2023-02-27T23:51:09.138+0000] {logging_mixin.py:137} INFO - [2023-02-27T23:51:09.138+0000] {dagbag.py:538} INFO - Filling up the DagBag from /opt/airflow/dags/dag_with_postgres_operator.py
[2023-02-27T23:51:09.160+0000] {processor.py:753} INFO - DAG(s) dict_keys(['dag_with_postgres_operator_v03']) retrieved from /opt/airflow/dags/dag_with_postgres_operator.py
[2023-02-27T23:51:09.177+0000] {logging_mixin.py:137} INFO - [2023-02-27T23:51:09.177+0000] {dag.py:2690} INFO - Sync 1 DAGs
[2023-02-27T23:51:09.201+0000] {logging_mixin.py:137} INFO - [2023-02-27T23:51:09.200+0000] {dag.py:3441} INFO - Setting next_dagrun for dag_with_postgres_operator_v03 to 2023-02-27T00:00:00+00:00, run_after=2023-02-28T00:00:00+00:00
[2023-02-27T23:51:09.217+0000] {processor.py:175} INFO - Processing /opt/airflow/dags/dag_with_postgres_operator.py took 0.081 seconds
[2023-02-27T23:51:39.284+0000] {processor.py:153} INFO - Started process (PID=3499) to work on /opt/airflow/dags/dag_with_postgres_operator.py
[2023-02-27T23:51:39.284+0000] {processor.py:743} INFO - Processing file /opt/airflow/dags/dag_with_postgres_operator.py for tasks to queue
[2023-02-27T23:51:39.284+0000] {logging_mixin.py:137} INFO - [2023-02-27T23:51:39.284+0000] {dagbag.py:538} INFO - Filling up the DagBag from /opt/airflow/dags/dag_with_postgres_operator.py
[2023-02-27T23:51:39.307+0000] {processor.py:753} INFO - DAG(s) dict_keys(['dag_with_postgres_operator_v03']) retrieved from /opt/airflow/dags/dag_with_postgres_operator.py
[2023-02-27T23:51:39.321+0000] {logging_mixin.py:137} INFO - [2023-02-27T23:51:39.321+0000] {dag.py:2690} INFO - Sync 1 DAGs
[2023-02-27T23:51:39.341+0000] {logging_mixin.py:137} INFO - [2023-02-27T23:51:39.341+0000] {dag.py:3441} INFO - Setting next_dagrun for dag_with_postgres_operator_v03 to 2023-02-27T00:00:00+00:00, run_after=2023-02-28T00:00:00+00:00
[2023-02-27T23:51:39.354+0000] {processor.py:175} INFO - Processing /opt/airflow/dags/dag_with_postgres_operator.py took 0.072 seconds
[2023-02-27T23:52:09.412+0000] {processor.py:153} INFO - Started process (PID=3549) to work on /opt/airflow/dags/dag_with_postgres_operator.py
[2023-02-27T23:52:09.412+0000] {processor.py:743} INFO - Processing file /opt/airflow/dags/dag_with_postgres_operator.py for tasks to queue
[2023-02-27T23:52:09.413+0000] {logging_mixin.py:137} INFO - [2023-02-27T23:52:09.413+0000] {dagbag.py:538} INFO - Filling up the DagBag from /opt/airflow/dags/dag_with_postgres_operator.py
[2023-02-27T23:52:09.434+0000] {processor.py:753} INFO - DAG(s) dict_keys(['dag_with_postgres_operator_v03']) retrieved from /opt/airflow/dags/dag_with_postgres_operator.py
[2023-02-27T23:52:09.450+0000] {logging_mixin.py:137} INFO - [2023-02-27T23:52:09.449+0000] {dag.py:2690} INFO - Sync 1 DAGs
[2023-02-27T23:52:09.473+0000] {logging_mixin.py:137} INFO - [2023-02-27T23:52:09.473+0000] {dag.py:3441} INFO - Setting next_dagrun for dag_with_postgres_operator_v03 to 2023-02-27T00:00:00+00:00, run_after=2023-02-28T00:00:00+00:00
[2023-02-27T23:52:09.486+0000] {processor.py:175} INFO - Processing /opt/airflow/dags/dag_with_postgres_operator.py took 0.075 seconds
[2023-02-27T23:52:39.554+0000] {processor.py:153} INFO - Started process (PID=3600) to work on /opt/airflow/dags/dag_with_postgres_operator.py
[2023-02-27T23:52:39.554+0000] {processor.py:743} INFO - Processing file /opt/airflow/dags/dag_with_postgres_operator.py for tasks to queue
[2023-02-27T23:52:39.555+0000] {logging_mixin.py:137} INFO - [2023-02-27T23:52:39.555+0000] {dagbag.py:538} INFO - Filling up the DagBag from /opt/airflow/dags/dag_with_postgres_operator.py
[2023-02-27T23:52:39.577+0000] {processor.py:753} INFO - DAG(s) dict_keys(['dag_with_postgres_operator_v03']) retrieved from /opt/airflow/dags/dag_with_postgres_operator.py
[2023-02-27T23:52:39.592+0000] {logging_mixin.py:137} INFO - [2023-02-27T23:52:39.592+0000] {dag.py:2690} INFO - Sync 1 DAGs
[2023-02-27T23:52:39.613+0000] {logging_mixin.py:137} INFO - [2023-02-27T23:52:39.613+0000] {dag.py:3441} INFO - Setting next_dagrun for dag_with_postgres_operator_v03 to 2023-02-27T00:00:00+00:00, run_after=2023-02-28T00:00:00+00:00
[2023-02-27T23:52:39.626+0000] {processor.py:175} INFO - Processing /opt/airflow/dags/dag_with_postgres_operator.py took 0.073 seconds
[2023-02-27T23:53:09.683+0000] {processor.py:153} INFO - Started process (PID=3661) to work on /opt/airflow/dags/dag_with_postgres_operator.py
[2023-02-27T23:53:09.684+0000] {processor.py:743} INFO - Processing file /opt/airflow/dags/dag_with_postgres_operator.py for tasks to queue
[2023-02-27T23:53:09.684+0000] {logging_mixin.py:137} INFO - [2023-02-27T23:53:09.684+0000] {dagbag.py:538} INFO - Filling up the DagBag from /opt/airflow/dags/dag_with_postgres_operator.py
[2023-02-27T23:53:09.716+0000] {processor.py:753} INFO - DAG(s) dict_keys(['dag_with_postgres_operator_v03']) retrieved from /opt/airflow/dags/dag_with_postgres_operator.py
[2023-02-27T23:53:09.737+0000] {logging_mixin.py:137} INFO - [2023-02-27T23:53:09.737+0000] {dag.py:2690} INFO - Sync 1 DAGs
[2023-02-27T23:53:09.762+0000] {logging_mixin.py:137} INFO - [2023-02-27T23:53:09.762+0000] {dag.py:3441} INFO - Setting next_dagrun for dag_with_postgres_operator_v03 to 2023-02-27T00:00:00+00:00, run_after=2023-02-28T00:00:00+00:00
[2023-02-27T23:53:09.779+0000] {processor.py:175} INFO - Processing /opt/airflow/dags/dag_with_postgres_operator.py took 0.098 seconds
[2023-02-27T23:53:39.820+0000] {processor.py:153} INFO - Started process (PID=3702) to work on /opt/airflow/dags/dag_with_postgres_operator.py
[2023-02-27T23:53:39.820+0000] {processor.py:743} INFO - Processing file /opt/airflow/dags/dag_with_postgres_operator.py for tasks to queue
[2023-02-27T23:53:39.821+0000] {logging_mixin.py:137} INFO - [2023-02-27T23:53:39.821+0000] {dagbag.py:538} INFO - Filling up the DagBag from /opt/airflow/dags/dag_with_postgres_operator.py
[2023-02-27T23:53:39.844+0000] {processor.py:753} INFO - DAG(s) dict_keys(['dag_with_postgres_operator_v03']) retrieved from /opt/airflow/dags/dag_with_postgres_operator.py
[2023-02-27T23:53:39.861+0000] {logging_mixin.py:137} INFO - [2023-02-27T23:53:39.861+0000] {dag.py:2690} INFO - Sync 1 DAGs
[2023-02-27T23:53:39.880+0000] {logging_mixin.py:137} INFO - [2023-02-27T23:53:39.880+0000] {dag.py:3441} INFO - Setting next_dagrun for dag_with_postgres_operator_v03 to 2023-02-27T00:00:00+00:00, run_after=2023-02-28T00:00:00+00:00
[2023-02-27T23:53:39.897+0000] {processor.py:175} INFO - Processing /opt/airflow/dags/dag_with_postgres_operator.py took 0.078 seconds
[2023-02-27T23:54:09.983+0000] {processor.py:153} INFO - Started process (PID=3763) to work on /opt/airflow/dags/dag_with_postgres_operator.py
[2023-02-27T23:54:09.983+0000] {processor.py:743} INFO - Processing file /opt/airflow/dags/dag_with_postgres_operator.py for tasks to queue
[2023-02-27T23:54:09.984+0000] {logging_mixin.py:137} INFO - [2023-02-27T23:54:09.984+0000] {dagbag.py:538} INFO - Filling up the DagBag from /opt/airflow/dags/dag_with_postgres_operator.py
[2023-02-27T23:54:10.006+0000] {processor.py:753} INFO - DAG(s) dict_keys(['dag_with_postgres_operator_v03']) retrieved from /opt/airflow/dags/dag_with_postgres_operator.py
[2023-02-27T23:54:10.023+0000] {logging_mixin.py:137} INFO - [2023-02-27T23:54:10.022+0000] {dag.py:2690} INFO - Sync 1 DAGs
[2023-02-27T23:54:10.042+0000] {logging_mixin.py:137} INFO - [2023-02-27T23:54:10.042+0000] {dag.py:3441} INFO - Setting next_dagrun for dag_with_postgres_operator_v03 to 2023-02-27T00:00:00+00:00, run_after=2023-02-28T00:00:00+00:00
[2023-02-27T23:54:10.054+0000] {processor.py:175} INFO - Processing /opt/airflow/dags/dag_with_postgres_operator.py took 0.073 seconds
[2023-02-27T23:54:40.102+0000] {processor.py:153} INFO - Started process (PID=3804) to work on /opt/airflow/dags/dag_with_postgres_operator.py
[2023-02-27T23:54:40.103+0000] {processor.py:743} INFO - Processing file /opt/airflow/dags/dag_with_postgres_operator.py for tasks to queue
[2023-02-27T23:54:40.103+0000] {logging_mixin.py:137} INFO - [2023-02-27T23:54:40.103+0000] {dagbag.py:538} INFO - Filling up the DagBag from /opt/airflow/dags/dag_with_postgres_operator.py
[2023-02-27T23:54:40.126+0000] {processor.py:753} INFO - DAG(s) dict_keys(['dag_with_postgres_operator_v03']) retrieved from /opt/airflow/dags/dag_with_postgres_operator.py
[2023-02-27T23:54:40.143+0000] {logging_mixin.py:137} INFO - [2023-02-27T23:54:40.143+0000] {dag.py:2690} INFO - Sync 1 DAGs
[2023-02-27T23:54:40.162+0000] {logging_mixin.py:137} INFO - [2023-02-27T23:54:40.162+0000] {dag.py:3441} INFO - Setting next_dagrun for dag_with_postgres_operator_v03 to 2023-02-27T00:00:00+00:00, run_after=2023-02-28T00:00:00+00:00
[2023-02-27T23:54:40.177+0000] {processor.py:175} INFO - Processing /opt/airflow/dags/dag_with_postgres_operator.py took 0.077 seconds
[2023-02-27T23:55:10.271+0000] {processor.py:153} INFO - Started process (PID=3866) to work on /opt/airflow/dags/dag_with_postgres_operator.py
[2023-02-27T23:55:10.271+0000] {processor.py:743} INFO - Processing file /opt/airflow/dags/dag_with_postgres_operator.py for tasks to queue
[2023-02-27T23:55:10.272+0000] {logging_mixin.py:137} INFO - [2023-02-27T23:55:10.272+0000] {dagbag.py:538} INFO - Filling up the DagBag from /opt/airflow/dags/dag_with_postgres_operator.py
[2023-02-27T23:55:10.296+0000] {processor.py:753} INFO - DAG(s) dict_keys(['dag_with_postgres_operator_v03']) retrieved from /opt/airflow/dags/dag_with_postgres_operator.py
[2023-02-27T23:55:10.313+0000] {logging_mixin.py:137} INFO - [2023-02-27T23:55:10.313+0000] {dag.py:2690} INFO - Sync 1 DAGs
[2023-02-27T23:55:10.332+0000] {logging_mixin.py:137} INFO - [2023-02-27T23:55:10.331+0000] {dag.py:3441} INFO - Setting next_dagrun for dag_with_postgres_operator_v03 to 2023-02-27T00:00:00+00:00, run_after=2023-02-28T00:00:00+00:00
[2023-02-27T23:55:10.346+0000] {processor.py:175} INFO - Processing /opt/airflow/dags/dag_with_postgres_operator.py took 0.077 seconds
[2023-02-27T23:55:40.387+0000] {processor.py:153} INFO - Started process (PID=3907) to work on /opt/airflow/dags/dag_with_postgres_operator.py
[2023-02-27T23:55:40.388+0000] {processor.py:743} INFO - Processing file /opt/airflow/dags/dag_with_postgres_operator.py for tasks to queue
[2023-02-27T23:55:40.388+0000] {logging_mixin.py:137} INFO - [2023-02-27T23:55:40.388+0000] {dagbag.py:538} INFO - Filling up the DagBag from /opt/airflow/dags/dag_with_postgres_operator.py
[2023-02-27T23:55:40.409+0000] {processor.py:753} INFO - DAG(s) dict_keys(['dag_with_postgres_operator_v03']) retrieved from /opt/airflow/dags/dag_with_postgres_operator.py
[2023-02-27T23:55:40.425+0000] {logging_mixin.py:137} INFO - [2023-02-27T23:55:40.425+0000] {dag.py:2690} INFO - Sync 1 DAGs
[2023-02-27T23:55:40.443+0000] {logging_mixin.py:137} INFO - [2023-02-27T23:55:40.443+0000] {dag.py:3441} INFO - Setting next_dagrun for dag_with_postgres_operator_v03 to 2023-02-27T00:00:00+00:00, run_after=2023-02-28T00:00:00+00:00
[2023-02-27T23:55:40.456+0000] {processor.py:175} INFO - Processing /opt/airflow/dags/dag_with_postgres_operator.py took 0.070 seconds
[2023-02-27T23:56:10.549+0000] {processor.py:153} INFO - Started process (PID=3968) to work on /opt/airflow/dags/dag_with_postgres_operator.py
[2023-02-27T23:56:10.549+0000] {processor.py:743} INFO - Processing file /opt/airflow/dags/dag_with_postgres_operator.py for tasks to queue
[2023-02-27T23:56:10.550+0000] {logging_mixin.py:137} INFO - [2023-02-27T23:56:10.550+0000] {dagbag.py:538} INFO - Filling up the DagBag from /opt/airflow/dags/dag_with_postgres_operator.py
[2023-02-27T23:56:10.580+0000] {processor.py:753} INFO - DAG(s) dict_keys(['dag_with_postgres_operator_v03']) retrieved from /opt/airflow/dags/dag_with_postgres_operator.py
[2023-02-27T23:56:10.597+0000] {logging_mixin.py:137} INFO - [2023-02-27T23:56:10.597+0000] {dag.py:2690} INFO - Sync 1 DAGs
[2023-02-27T23:56:10.617+0000] {logging_mixin.py:137} INFO - [2023-02-27T23:56:10.617+0000] {dag.py:3441} INFO - Setting next_dagrun for dag_with_postgres_operator_v03 to 2023-02-27T00:00:00+00:00, run_after=2023-02-28T00:00:00+00:00
[2023-02-27T23:56:10.630+0000] {processor.py:175} INFO - Processing /opt/airflow/dags/dag_with_postgres_operator.py took 0.084 seconds
[2023-02-27T23:56:40.661+0000] {processor.py:153} INFO - Started process (PID=4009) to work on /opt/airflow/dags/dag_with_postgres_operator.py
[2023-02-27T23:56:40.661+0000] {processor.py:743} INFO - Processing file /opt/airflow/dags/dag_with_postgres_operator.py for tasks to queue
[2023-02-27T23:56:40.662+0000] {logging_mixin.py:137} INFO - [2023-02-27T23:56:40.662+0000] {dagbag.py:538} INFO - Filling up the DagBag from /opt/airflow/dags/dag_with_postgres_operator.py
[2023-02-27T23:56:40.683+0000] {processor.py:753} INFO - DAG(s) dict_keys(['dag_with_postgres_operator_v03']) retrieved from /opt/airflow/dags/dag_with_postgres_operator.py
[2023-02-27T23:56:40.700+0000] {logging_mixin.py:137} INFO - [2023-02-27T23:56:40.699+0000] {dag.py:2690} INFO - Sync 1 DAGs
[2023-02-27T23:56:40.721+0000] {logging_mixin.py:137} INFO - [2023-02-27T23:56:40.721+0000] {dag.py:3441} INFO - Setting next_dagrun for dag_with_postgres_operator_v03 to 2023-02-27T00:00:00+00:00, run_after=2023-02-28T00:00:00+00:00
[2023-02-27T23:56:40.735+0000] {processor.py:175} INFO - Processing /opt/airflow/dags/dag_with_postgres_operator.py took 0.076 seconds
[2023-02-27T23:57:10.823+0000] {processor.py:153} INFO - Started process (PID=4070) to work on /opt/airflow/dags/dag_with_postgres_operator.py
[2023-02-27T23:57:10.824+0000] {processor.py:743} INFO - Processing file /opt/airflow/dags/dag_with_postgres_operator.py for tasks to queue
[2023-02-27T23:57:10.824+0000] {logging_mixin.py:137} INFO - [2023-02-27T23:57:10.824+0000] {dagbag.py:538} INFO - Filling up the DagBag from /opt/airflow/dags/dag_with_postgres_operator.py
[2023-02-27T23:57:10.845+0000] {processor.py:753} INFO - DAG(s) dict_keys(['dag_with_postgres_operator_v03']) retrieved from /opt/airflow/dags/dag_with_postgres_operator.py
[2023-02-27T23:57:10.861+0000] {logging_mixin.py:137} INFO - [2023-02-27T23:57:10.861+0000] {dag.py:2690} INFO - Sync 1 DAGs
[2023-02-27T23:57:10.879+0000] {logging_mixin.py:137} INFO - [2023-02-27T23:57:10.879+0000] {dag.py:3441} INFO - Setting next_dagrun for dag_with_postgres_operator_v03 to 2023-02-27T00:00:00+00:00, run_after=2023-02-28T00:00:00+00:00
[2023-02-27T23:57:10.893+0000] {processor.py:175} INFO - Processing /opt/airflow/dags/dag_with_postgres_operator.py took 0.071 seconds
[2023-02-27T23:57:40.951+0000] {processor.py:153} INFO - Started process (PID=4111) to work on /opt/airflow/dags/dag_with_postgres_operator.py
[2023-02-27T23:57:40.952+0000] {processor.py:743} INFO - Processing file /opt/airflow/dags/dag_with_postgres_operator.py for tasks to queue
[2023-02-27T23:57:40.952+0000] {logging_mixin.py:137} INFO - [2023-02-27T23:57:40.952+0000] {dagbag.py:538} INFO - Filling up the DagBag from /opt/airflow/dags/dag_with_postgres_operator.py
[2023-02-27T23:57:40.979+0000] {processor.py:753} INFO - DAG(s) dict_keys(['dag_with_postgres_operator_v03']) retrieved from /opt/airflow/dags/dag_with_postgres_operator.py
[2023-02-27T23:57:40.995+0000] {logging_mixin.py:137} INFO - [2023-02-27T23:57:40.995+0000] {dag.py:2690} INFO - Sync 1 DAGs
[2023-02-27T23:57:41.014+0000] {logging_mixin.py:137} INFO - [2023-02-27T23:57:41.014+0000] {dag.py:3441} INFO - Setting next_dagrun for dag_with_postgres_operator_v03 to 2023-02-27T00:00:00+00:00, run_after=2023-02-28T00:00:00+00:00
[2023-02-27T23:57:41.026+0000] {processor.py:175} INFO - Processing /opt/airflow/dags/dag_with_postgres_operator.py took 0.077 seconds
[2023-02-27T23:58:11.120+0000] {processor.py:153} INFO - Started process (PID=4173) to work on /opt/airflow/dags/dag_with_postgres_operator.py
[2023-02-27T23:58:11.120+0000] {processor.py:743} INFO - Processing file /opt/airflow/dags/dag_with_postgres_operator.py for tasks to queue
[2023-02-27T23:58:11.121+0000] {logging_mixin.py:137} INFO - [2023-02-27T23:58:11.120+0000] {dagbag.py:538} INFO - Filling up the DagBag from /opt/airflow/dags/dag_with_postgres_operator.py
[2023-02-27T23:58:11.148+0000] {processor.py:753} INFO - DAG(s) dict_keys(['dag_with_postgres_operator_v03']) retrieved from /opt/airflow/dags/dag_with_postgres_operator.py
[2023-02-27T23:58:11.167+0000] {logging_mixin.py:137} INFO - [2023-02-27T23:58:11.166+0000] {dag.py:2690} INFO - Sync 1 DAGs
[2023-02-27T23:58:11.190+0000] {logging_mixin.py:137} INFO - [2023-02-27T23:58:11.190+0000] {dag.py:3441} INFO - Setting next_dagrun for dag_with_postgres_operator_v03 to 2023-02-27T00:00:00+00:00, run_after=2023-02-28T00:00:00+00:00
[2023-02-27T23:58:11.207+0000] {processor.py:175} INFO - Processing /opt/airflow/dags/dag_with_postgres_operator.py took 0.090 seconds
[2023-02-27T23:58:41.299+0000] {processor.py:153} INFO - Started process (PID=4215) to work on /opt/airflow/dags/dag_with_postgres_operator.py
[2023-02-27T23:58:41.299+0000] {processor.py:743} INFO - Processing file /opt/airflow/dags/dag_with_postgres_operator.py for tasks to queue
[2023-02-27T23:58:41.300+0000] {logging_mixin.py:137} INFO - [2023-02-27T23:58:41.300+0000] {dagbag.py:538} INFO - Filling up the DagBag from /opt/airflow/dags/dag_with_postgres_operator.py
[2023-02-27T23:58:41.321+0000] {processor.py:753} INFO - DAG(s) dict_keys(['dag_with_postgres_operator_v03']) retrieved from /opt/airflow/dags/dag_with_postgres_operator.py
[2023-02-27T23:58:41.337+0000] {logging_mixin.py:137} INFO - [2023-02-27T23:58:41.337+0000] {dag.py:2690} INFO - Sync 1 DAGs
[2023-02-27T23:58:41.355+0000] {logging_mixin.py:137} INFO - [2023-02-27T23:58:41.355+0000] {dag.py:3441} INFO - Setting next_dagrun for dag_with_postgres_operator_v03 to 2023-02-27T00:00:00+00:00, run_after=2023-02-28T00:00:00+00:00
[2023-02-27T23:58:41.368+0000] {processor.py:175} INFO - Processing /opt/airflow/dags/dag_with_postgres_operator.py took 0.071 seconds
[2023-02-27T23:59:11.491+0000] {processor.py:153} INFO - Started process (PID=4277) to work on /opt/airflow/dags/dag_with_postgres_operator.py
[2023-02-27T23:59:11.491+0000] {processor.py:743} INFO - Processing file /opt/airflow/dags/dag_with_postgres_operator.py for tasks to queue
[2023-02-27T23:59:11.492+0000] {logging_mixin.py:137} INFO - [2023-02-27T23:59:11.492+0000] {dagbag.py:538} INFO - Filling up the DagBag from /opt/airflow/dags/dag_with_postgres_operator.py
[2023-02-27T23:59:11.516+0000] {processor.py:753} INFO - DAG(s) dict_keys(['dag_with_postgres_operator_v03']) retrieved from /opt/airflow/dags/dag_with_postgres_operator.py
[2023-02-27T23:59:11.531+0000] {logging_mixin.py:137} INFO - [2023-02-27T23:59:11.531+0000] {dag.py:2690} INFO - Sync 1 DAGs
[2023-02-27T23:59:11.550+0000] {logging_mixin.py:137} INFO - [2023-02-27T23:59:11.550+0000] {dag.py:3441} INFO - Setting next_dagrun for dag_with_postgres_operator_v03 to 2023-02-27T00:00:00+00:00, run_after=2023-02-28T00:00:00+00:00
[2023-02-27T23:59:11.564+0000] {processor.py:175} INFO - Processing /opt/airflow/dags/dag_with_postgres_operator.py took 0.075 seconds
[2023-02-27T23:59:41.662+0000] {processor.py:153} INFO - Started process (PID=4339) to work on /opt/airflow/dags/dag_with_postgres_operator.py
[2023-02-27T23:59:41.662+0000] {processor.py:743} INFO - Processing file /opt/airflow/dags/dag_with_postgres_operator.py for tasks to queue
[2023-02-27T23:59:41.663+0000] {logging_mixin.py:137} INFO - [2023-02-27T23:59:41.663+0000] {dagbag.py:538} INFO - Filling up the DagBag from /opt/airflow/dags/dag_with_postgres_operator.py
[2023-02-27T23:59:41.705+0000] {processor.py:753} INFO - DAG(s) dict_keys(['dag_with_postgres_operator_v03']) retrieved from /opt/airflow/dags/dag_with_postgres_operator.py
[2023-02-27T23:59:41.721+0000] {logging_mixin.py:137} INFO - [2023-02-27T23:59:41.721+0000] {dag.py:2690} INFO - Sync 1 DAGs
[2023-02-27T23:59:41.741+0000] {logging_mixin.py:137} INFO - [2023-02-27T23:59:41.741+0000] {dag.py:3441} INFO - Setting next_dagrun for dag_with_postgres_operator_v03 to 2023-02-27T00:00:00+00:00, run_after=2023-02-28T00:00:00+00:00
[2023-02-27T23:59:41.756+0000] {processor.py:175} INFO - Processing /opt/airflow/dags/dag_with_postgres_operator.py took 0.097 seconds
