[2023-02-27T23:38:18.424+0000] {taskinstance.py:1083} INFO - Dependencies all met for <TaskInstance: dag_with_postgres_operator_v03.create_postgres_table manual__2023-02-27T23:38:17.249284+00:00 [queued]>
[2023-02-27T23:38:18.431+0000] {taskinstance.py:1083} INFO - Dependencies all met for <TaskInstance: dag_with_postgres_operator_v03.create_postgres_table manual__2023-02-27T23:38:17.249284+00:00 [queued]>
[2023-02-27T23:38:18.431+0000] {taskinstance.py:1279} INFO - 
--------------------------------------------------------------------------------
[2023-02-27T23:38:18.431+0000] {taskinstance.py:1280} INFO - Starting attempt 1 of 6
[2023-02-27T23:38:18.431+0000] {taskinstance.py:1281} INFO - 
--------------------------------------------------------------------------------
[2023-02-27T23:38:18.442+0000] {taskinstance.py:1300} INFO - Executing <Task(PostgresOperator): create_postgres_table> on 2023-02-27 23:38:17.249284+00:00
[2023-02-27T23:38:18.446+0000] {standard_task_runner.py:55} INFO - Started process 2210 to run task
[2023-02-27T23:38:18.448+0000] {standard_task_runner.py:82} INFO - Running: ['***', 'tasks', 'run', 'dag_with_postgres_operator_v03', 'create_postgres_table', 'manual__2023-02-27T23:38:17.249284+00:00', '--job-id', '38', '--raw', '--subdir', 'DAGS_FOLDER/dag_with_postgres_operator.py', '--cfg-path', '/tmp/tmpx3o6_2j1']
[2023-02-27T23:38:18.448+0000] {standard_task_runner.py:83} INFO - Job 38: Subtask create_postgres_table
[2023-02-27T23:38:18.489+0000] {task_command.py:388} INFO - Running <TaskInstance: dag_with_postgres_operator_v03.create_postgres_table manual__2023-02-27T23:38:17.249284+00:00 [running]> on host 971ca163b440
[2023-02-27T23:38:18.540+0000] {taskinstance.py:1509} INFO - Exporting the following env vars:
AIRFLOW_CTX_DAG_OWNER=temi109
AIRFLOW_CTX_DAG_ID=dag_with_postgres_operator_v03
AIRFLOW_CTX_TASK_ID=create_postgres_table
AIRFLOW_CTX_EXECUTION_DATE=2023-02-27T23:38:17.249284+00:00
AIRFLOW_CTX_TRY_NUMBER=1
AIRFLOW_CTX_DAG_RUN_ID=manual__2023-02-27T23:38:17.249284+00:00
[2023-02-27T23:38:18.541+0000] {sql.py:254} INFO - Executing: 
            create table if not exists dag_runs (
                dt date,
                dag_id character varying,
                primary key (dt, dag_id)
            )
        
[2023-02-27T23:38:18.547+0000] {base.py:73} INFO - Using connection ID 'postgres_localhost' for task execution.
[2023-02-27T23:38:18.736+0000] {base.py:73} INFO - Using connection ID 'postgres_localhost' for task execution.
[2023-02-27T23:38:18.743+0000] {sql.py:375} INFO - Running statement: 
            create table if not exists dag_runs (
                dt date,
                dag_id character varying,
                primary key (dt, dag_id)
            )
        , parameters: None
[2023-02-27T23:38:18.768+0000] {taskinstance.py:1323} INFO - Marking task as SUCCESS. dag_id=dag_with_postgres_operator_v03, task_id=create_postgres_table, execution_date=20230227T233817, start_date=20230227T233818, end_date=20230227T233818
[2023-02-27T23:38:18.820+0000] {local_task_job.py:208} INFO - Task exited with return code 0
[2023-02-27T23:38:18.842+0000] {taskinstance.py:2578} INFO - 1 downstream tasks scheduled from follow-on schedule check
