[2023-03-06T12:11:50.112+0000] {taskinstance.py:1083} INFO - Dependencies all met for <TaskInstance: formula1_upload_to_s3.results_upload manual__2023-03-06T12:11:48.482695+00:00 [queued]>
[2023-03-06T12:11:50.125+0000] {taskinstance.py:1083} INFO - Dependencies all met for <TaskInstance: formula1_upload_to_s3.results_upload manual__2023-03-06T12:11:48.482695+00:00 [queued]>
[2023-03-06T12:11:50.126+0000] {taskinstance.py:1279} INFO - 
--------------------------------------------------------------------------------
[2023-03-06T12:11:50.126+0000] {taskinstance.py:1280} INFO - Starting attempt 1 of 6
[2023-03-06T12:11:50.126+0000] {taskinstance.py:1281} INFO - 
--------------------------------------------------------------------------------
[2023-03-06T12:11:50.145+0000] {taskinstance.py:1300} INFO - Executing <Task(PythonOperator): results_upload> on 2023-03-06 12:11:48.482695+00:00
[2023-03-06T12:11:50.149+0000] {standard_task_runner.py:55} INFO - Started process 127 to run task
[2023-03-06T12:11:50.155+0000] {standard_task_runner.py:82} INFO - Running: ['***', 'tasks', 'run', 'formula1_upload_to_s3', 'results_upload', 'manual__2023-03-06T12:11:48.482695+00:00', '--job-id', '53', '--raw', '--subdir', 'DAGS_FOLDER/s3_upload_dag.py', '--cfg-path', '/tmp/tmpo1bcvggb']
[2023-03-06T12:11:50.156+0000] {standard_task_runner.py:83} INFO - Job 53: Subtask results_upload
[2023-03-06T12:11:50.229+0000] {task_command.py:388} INFO - Running <TaskInstance: formula1_upload_to_s3.results_upload manual__2023-03-06T12:11:48.482695+00:00 [running]> on host ce91112b1602
[2023-03-06T12:11:50.307+0000] {taskinstance.py:1509} INFO - Exporting the following env vars:
AIRFLOW_CTX_DAG_OWNER=tem109
AIRFLOW_CTX_DAG_ID=formula1_upload_to_s3
AIRFLOW_CTX_TASK_ID=results_upload
AIRFLOW_CTX_EXECUTION_DATE=2023-03-06T12:11:48.482695+00:00
AIRFLOW_CTX_TRY_NUMBER=1
AIRFLOW_CTX_DAG_RUN_ID=manual__2023-03-06T12:11:48.482695+00:00
[2023-03-06T12:11:50.320+0000] {base.py:73} INFO - Using connection ID 'postgres_localhost' for task execution.
[2023-03-06T12:11:50.597+0000] {s3_upload_dag.py:105} INFO - Saved results data
[2023-03-06T12:11:50.604+0000] {base.py:73} INFO - Using connection ID 's3_conn' for task execution.
[2023-03-06T12:11:50.605+0000] {connection_wrapper.py:334} INFO - AWS Connection (conn_id='s3_conn', conn_type='aws') credentials retrieved from login and password.
[2023-03-06T12:11:51.423+0000] {python.py:177} INFO - Done. Returned value was: None
[2023-03-06T12:11:51.432+0000] {taskinstance.py:1323} INFO - Marking task as SUCCESS. dag_id=formula1_upload_to_s3, task_id=results_upload, execution_date=20230306T121148, start_date=20230306T121150, end_date=20230306T121151
[2023-03-06T12:11:51.452+0000] {local_task_job.py:208} INFO - Task exited with return code 0
[2023-03-06T12:11:51.466+0000] {taskinstance.py:2578} INFO - 0 downstream tasks scheduled from follow-on schedule check
