[2023-03-07T18:41:18.975+0000] {taskinstance.py:1083} INFO - Dependencies all met for <TaskInstance: Ingest_to_Snowflake.create_races_table manual__2023-03-07T18:41:14.393073+00:00 [queued]>
[2023-03-07T18:41:18.986+0000] {taskinstance.py:1083} INFO - Dependencies all met for <TaskInstance: Ingest_to_Snowflake.create_races_table manual__2023-03-07T18:41:14.393073+00:00 [queued]>
[2023-03-07T18:41:18.986+0000] {taskinstance.py:1279} INFO - 
--------------------------------------------------------------------------------
[2023-03-07T18:41:18.986+0000] {taskinstance.py:1280} INFO - Starting attempt 1 of 6
[2023-03-07T18:41:18.987+0000] {taskinstance.py:1281} INFO - 
--------------------------------------------------------------------------------
[2023-03-07T18:41:19.002+0000] {taskinstance.py:1300} INFO - Executing <Task(SnowflakeOperator): create_races_table> on 2023-03-07 18:41:14.393073+00:00
[2023-03-07T18:41:19.009+0000] {standard_task_runner.py:55} INFO - Started process 11426 to run task
[2023-03-07T18:41:19.013+0000] {standard_task_runner.py:82} INFO - Running: ['***', 'tasks', 'run', 'Ingest_to_Snowflake', 'create_races_table', 'manual__2023-03-07T18:41:14.393073+00:00', '--job-id', '169', '--raw', '--subdir', 'DAGS_FOLDER/copy_into_snowflake.py', '--cfg-path', '/tmp/tmpujk13afe']
[2023-03-07T18:41:19.015+0000] {standard_task_runner.py:83} INFO - Job 169: Subtask create_races_table
[2023-03-07T18:41:19.074+0000] {task_command.py:388} INFO - Running <TaskInstance: Ingest_to_Snowflake.create_races_table manual__2023-03-07T18:41:14.393073+00:00 [running]> on host d7fd3210ba1e
[2023-03-07T18:41:19.348+0000] {taskinstance.py:1509} INFO - Exporting the following env vars:
AIRFLOW_CTX_DAG_OWNER=***
AIRFLOW_CTX_DAG_ID=Ingest_to_Snowflake
AIRFLOW_CTX_TASK_ID=create_races_table
AIRFLOW_CTX_EXECUTION_DATE=2023-03-07T18:41:14.393073+00:00
AIRFLOW_CTX_TRY_NUMBER=1
AIRFLOW_CTX_DAG_RUN_ID=manual__2023-03-07T18:41:14.393073+00:00
[2023-03-07T18:41:19.348+0000] {sql.py:254} INFO - Executing: 
    CREATE OR REPLACE TRANSIENT TABLE races
        (
            raceId VARCHAR ,
            year int,
            round int,
            circuitId int,
            name VARCHAR,
            date date,
            time VARCHAR,
            url VARCHAR

            );
[2023-03-07T18:41:19.357+0000] {base.py:73} INFO - Using connection ID 'snowflake_conn' for task execution.
[2023-03-07T18:41:19.566+0000] {base.py:73} INFO - Using connection ID 'snowflake_conn' for task execution.
[2023-03-07T18:41:19.567+0000] {connection.py:287} INFO - Snowflake Connector for Python Version: 3.0.1, Python Version: 3.7.16, Platform: Linux-5.15.79.1-microsoft-standard-WSL2-x86_64-with-debian-11.6
[2023-03-07T18:41:19.568+0000] {connection.py:990} INFO - This connection is in OCSP Fail Open Mode. TLS Certificates would be checked for validity and revocation status. Any other Certificate Revocation related exceptions or OCSP Responder failures would be disregarded in favor of connectivity.
[2023-03-07T18:41:19.568+0000] {connection.py:1007} INFO - Setting use_openssl_only mode to False
[2023-03-07T18:41:20.171+0000] {cursor.py:738} INFO - query: [ALTER SESSION SET autocommit=False]
[2023-03-07T18:41:20.229+0000] {cursor.py:751} INFO - query execution done
[2023-03-07T18:41:20.229+0000] {cursor.py:891} INFO - Number of results in first chunk: 1
[2023-03-07T18:41:20.229+0000] {sql.py:375} INFO - Running statement: CREATE OR REPLACE TRANSIENT TABLE races
        (
            raceId VARCHAR ,
            year int,
            round int,
            circuitId int,
            name VARCHAR,
            date date,
            time VARCHAR,
            url VARCHAR

            );, parameters: None
[2023-03-07T18:41:20.230+0000] {cursor.py:738} INFO - query: [CREATE OR REPLACE TRANSIENT TABLE races ( raceId VARCHAR , year int, round int, ...]
[2023-03-07T18:41:20.378+0000] {cursor.py:751} INFO - query execution done
[2023-03-07T18:41:20.378+0000] {cursor.py:891} INFO - Number of results in first chunk: 1
[2023-03-07T18:41:20.379+0000] {sql.py:384} INFO - Rows affected: 1
[2023-03-07T18:41:20.379+0000] {snowflake.py:391} INFO - Rows affected: 1
[2023-03-07T18:41:20.379+0000] {snowflake.py:392} INFO - Snowflake query id: 01aacac1-0000-0ab5-0000-1e0900013196
[2023-03-07T18:41:20.379+0000] {cursor.py:738} INFO - query: [COMMIT]
[2023-03-07T18:41:20.448+0000] {cursor.py:751} INFO - query execution done
[2023-03-07T18:41:20.449+0000] {cursor.py:891} INFO - Number of results in first chunk: 1
[2023-03-07T18:41:20.449+0000] {connection.py:586} INFO - closed
[2023-03-07T18:41:20.467+0000] {connection.py:589} INFO - No async queries seem to be running, deleting session
[2023-03-07T18:41:20.541+0000] {taskinstance.py:1323} INFO - Marking task as SUCCESS. dag_id=Ingest_to_Snowflake, task_id=create_races_table, execution_date=20230307T184114, start_date=20230307T184118, end_date=20230307T184120
[2023-03-07T18:41:20.587+0000] {local_task_job.py:208} INFO - Task exited with return code 0
[2023-03-07T18:41:20.614+0000] {taskinstance.py:2578} INFO - 1 downstream tasks scheduled from follow-on schedule check
