[2023-03-06T12:02:54.658+0000] {taskinstance.py:1083} INFO - Dependencies all met for <TaskInstance: formula1_upload_to_s3.circuits_upload scheduled__2023-03-05T00:00:00+00:00 [queued]>
[2023-03-06T12:02:54.673+0000] {taskinstance.py:1083} INFO - Dependencies all met for <TaskInstance: formula1_upload_to_s3.circuits_upload scheduled__2023-03-05T00:00:00+00:00 [queued]>
[2023-03-06T12:02:54.673+0000] {taskinstance.py:1279} INFO - 
--------------------------------------------------------------------------------
[2023-03-06T12:02:54.673+0000] {taskinstance.py:1280} INFO - Starting attempt 1 of 6
[2023-03-06T12:02:54.673+0000] {taskinstance.py:1281} INFO - 
--------------------------------------------------------------------------------
[2023-03-06T12:02:54.699+0000] {taskinstance.py:1300} INFO - Executing <Task(PythonOperator): circuits_upload> on 2023-03-05 00:00:00+00:00
[2023-03-06T12:02:54.705+0000] {standard_task_runner.py:55} INFO - Started process 777 to run task
[2023-03-06T12:02:54.716+0000] {standard_task_runner.py:82} INFO - Running: ['***', 'tasks', 'run', 'formula1_upload_to_s3', 'circuits_upload', 'scheduled__2023-03-05T00:00:00+00:00', '--job-id', '30', '--raw', '--subdir', 'DAGS_FOLDER/s3_upload_dag.py', '--cfg-path', '/tmp/tmppgxyfl7c']
[2023-03-06T12:02:54.717+0000] {standard_task_runner.py:83} INFO - Job 30: Subtask circuits_upload
[2023-03-06T12:02:54.799+0000] {task_command.py:388} INFO - Running <TaskInstance: formula1_upload_to_s3.circuits_upload scheduled__2023-03-05T00:00:00+00:00 [running]> on host 2354ed11717b
[2023-03-06T12:02:54.908+0000] {taskinstance.py:1509} INFO - Exporting the following env vars:
AIRFLOW_CTX_DAG_OWNER=tem109
AIRFLOW_CTX_DAG_ID=formula1_upload_to_s3
AIRFLOW_CTX_TASK_ID=circuits_upload
AIRFLOW_CTX_EXECUTION_DATE=2023-03-05T00:00:00+00:00
AIRFLOW_CTX_TRY_NUMBER=1
AIRFLOW_CTX_DAG_RUN_ID=scheduled__2023-03-05T00:00:00+00:00
[2023-03-06T12:02:54.919+0000] {base.py:73} INFO - Using connection ID 'postgres_localhost' for task execution.
[2023-03-06T12:02:54.978+0000] {s3_upload_dag.py:34} INFO - Saved circuits data
[2023-03-06T12:02:54.990+0000] {base.py:73} INFO - Using connection ID 's3_conn' for task execution.
[2023-03-06T12:02:54.991+0000] {connection_wrapper.py:334} INFO - AWS Connection (conn_id='s3_conn', conn_type='aws') credentials retrieved from login and password.
[2023-03-06T12:02:56.278+0000] {python.py:177} INFO - Done. Returned value was: None
[2023-03-06T12:02:56.290+0000] {taskinstance.py:1323} INFO - Marking task as SUCCESS. dag_id=formula1_upload_to_s3, task_id=circuits_upload, execution_date=20230305T000000, start_date=20230306T120254, end_date=20230306T120256
[2023-03-06T12:02:56.341+0000] {local_task_job.py:208} INFO - Task exited with return code 0
[2023-03-06T12:02:56.365+0000] {taskinstance.py:2578} INFO - 0 downstream tasks scheduled from follow-on schedule check
