[2023-02-27T23:45:18.528+0000] {taskinstance.py:1083} INFO - Dependencies all met for <TaskInstance: dag_with_postgres_operator_v03.create_postgres_table manual__2023-02-27T23:45:17.473925+00:00 [queued]>
[2023-02-27T23:45:18.535+0000] {taskinstance.py:1083} INFO - Dependencies all met for <TaskInstance: dag_with_postgres_operator_v03.create_postgres_table manual__2023-02-27T23:45:17.473925+00:00 [queued]>
[2023-02-27T23:45:18.535+0000] {taskinstance.py:1279} INFO - 
--------------------------------------------------------------------------------
[2023-02-27T23:45:18.535+0000] {taskinstance.py:1280} INFO - Starting attempt 1 of 6
[2023-02-27T23:45:18.535+0000] {taskinstance.py:1281} INFO - 
--------------------------------------------------------------------------------
[2023-02-27T23:45:18.547+0000] {taskinstance.py:1300} INFO - Executing <Task(PostgresOperator): create_postgres_table> on 2023-02-27 23:45:17.473925+00:00
[2023-02-27T23:45:18.552+0000] {standard_task_runner.py:55} INFO - Started process 2939 to run task
[2023-02-27T23:45:18.554+0000] {standard_task_runner.py:82} INFO - Running: ['***', 'tasks', 'run', 'dag_with_postgres_operator_v03', 'create_postgres_table', 'manual__2023-02-27T23:45:17.473925+00:00', '--job-id', '41', '--raw', '--subdir', 'DAGS_FOLDER/dag_with_postgres_operator.py', '--cfg-path', '/tmp/tmpvsv2pf3o']
[2023-02-27T23:45:18.555+0000] {standard_task_runner.py:83} INFO - Job 41: Subtask create_postgres_table
[2023-02-27T23:45:18.597+0000] {task_command.py:388} INFO - Running <TaskInstance: dag_with_postgres_operator_v03.create_postgres_table manual__2023-02-27T23:45:17.473925+00:00 [running]> on host 971ca163b440
[2023-02-27T23:45:18.649+0000] {taskinstance.py:1509} INFO - Exporting the following env vars:
AIRFLOW_CTX_DAG_OWNER=temi109
AIRFLOW_CTX_DAG_ID=dag_with_postgres_operator_v03
AIRFLOW_CTX_TASK_ID=create_postgres_table
AIRFLOW_CTX_EXECUTION_DATE=2023-02-27T23:45:17.473925+00:00
AIRFLOW_CTX_TRY_NUMBER=1
AIRFLOW_CTX_DAG_RUN_ID=manual__2023-02-27T23:45:17.473925+00:00
[2023-02-27T23:45:18.650+0000] {sql.py:254} INFO - Executing: 
            create table if not exists dag_runs (
                dt date,
                dag_id character varying,
                primary key (dt, dag_id)
            )
        
[2023-02-27T23:45:18.656+0000] {base.py:73} INFO - Using connection ID 'postgres_localhost' for task execution.
[2023-02-27T23:45:18.823+0000] {base.py:73} INFO - Using connection ID 'postgres_localhost' for task execution.
[2023-02-27T23:45:18.831+0000] {sql.py:375} INFO - Running statement: 
            create table if not exists dag_runs (
                dt date,
                dag_id character varying,
                primary key (dt, dag_id)
            )
        , parameters: None
[2023-02-27T23:45:18.841+0000] {taskinstance.py:1323} INFO - Marking task as SUCCESS. dag_id=dag_with_postgres_operator_v03, task_id=create_postgres_table, execution_date=20230227T234517, start_date=20230227T234518, end_date=20230227T234518
[2023-02-27T23:45:18.886+0000] {local_task_job.py:208} INFO - Task exited with return code 0
[2023-02-27T23:45:18.909+0000] {taskinstance.py:2578} INFO - 1 downstream tasks scheduled from follow-on schedule check
