[2023-03-07T18:40:51.989+0000] {taskinstance.py:1083} INFO - Dependencies all met for <TaskInstance: formula1_upload_to_s3.constructors_upload scheduled__2023-03-06T00:00:00+00:00 [queued]>
[2023-03-07T18:40:52.001+0000] {taskinstance.py:1083} INFO - Dependencies all met for <TaskInstance: formula1_upload_to_s3.constructors_upload scheduled__2023-03-06T00:00:00+00:00 [queued]>
[2023-03-07T18:40:52.001+0000] {taskinstance.py:1279} INFO - 
--------------------------------------------------------------------------------
[2023-03-07T18:40:52.001+0000] {taskinstance.py:1280} INFO - Starting attempt 1 of 6
[2023-03-07T18:40:52.002+0000] {taskinstance.py:1281} INFO - 
--------------------------------------------------------------------------------
[2023-03-07T18:40:52.017+0000] {taskinstance.py:1300} INFO - Executing <Task(PythonOperator): constructors_upload> on 2023-03-06 00:00:00+00:00
[2023-03-07T18:40:52.022+0000] {standard_task_runner.py:55} INFO - Started process 11348 to run task
[2023-03-07T18:40:52.025+0000] {standard_task_runner.py:82} INFO - Running: ['***', 'tasks', 'run', 'formula1_upload_to_s3', 'constructors_upload', 'scheduled__2023-03-06T00:00:00+00:00', '--job-id', '161', '--raw', '--subdir', 'DAGS_FOLDER/s3_upload_dag.py', '--cfg-path', '/tmp/tmp29msp2cj']
[2023-03-07T18:40:52.026+0000] {standard_task_runner.py:83} INFO - Job 161: Subtask constructors_upload
[2023-03-07T18:40:52.100+0000] {task_command.py:388} INFO - Running <TaskInstance: formula1_upload_to_s3.constructors_upload scheduled__2023-03-06T00:00:00+00:00 [running]> on host d7fd3210ba1e
[2023-03-07T18:40:52.190+0000] {taskinstance.py:1509} INFO - Exporting the following env vars:
AIRFLOW_CTX_DAG_OWNER=tem109
AIRFLOW_CTX_DAG_ID=formula1_upload_to_s3
AIRFLOW_CTX_TASK_ID=constructors_upload
AIRFLOW_CTX_EXECUTION_DATE=2023-03-06T00:00:00+00:00
AIRFLOW_CTX_TRY_NUMBER=1
AIRFLOW_CTX_DAG_RUN_ID=scheduled__2023-03-06T00:00:00+00:00
[2023-03-07T18:40:52.205+0000] {base.py:73} INFO - Using connection ID 'postgres_localhost' for task execution.
[2023-03-07T18:40:52.241+0000] {s3_upload_dag.py:59} INFO - Saved constructors data
[2023-03-07T18:40:52.274+0000] {base.py:73} INFO - Using connection ID 's3_conn' for task execution.
[2023-03-07T18:40:52.275+0000] {connection_wrapper.py:334} INFO - AWS Connection (conn_id='s3_conn', conn_type='aws') credentials retrieved from login and password.
[2023-03-07T18:40:53.333+0000] {python.py:177} INFO - Done. Returned value was: None
[2023-03-07T18:40:53.347+0000] {taskinstance.py:1323} INFO - Marking task as SUCCESS. dag_id=formula1_upload_to_s3, task_id=constructors_upload, execution_date=20230306T000000, start_date=20230307T184051, end_date=20230307T184053
[2023-03-07T18:40:53.401+0000] {local_task_job.py:208} INFO - Task exited with return code 0
[2023-03-07T18:40:53.425+0000] {taskinstance.py:2578} INFO - 0 downstream tasks scheduled from follow-on schedule check
